2019-02-08 17:15:51 INFO  Properties:41 - Properties loaded from /WEB-INF/bootstrap.properties
2019-02-08 17:15:51 ERROR EimDbCreator:56 - Error creating EIM database: error parsing url : Incorrect port value : null
2019-02-08 17:15:51 ERROR EimDbCreator:167 - Error has occurred on table agent check
2019-02-08 17:15:51 ERROR EimDbCreator:113 - Error has occurred on table agent creation
2019-02-08 17:15:51 ERROR EimDbCreator:167 - Error has occurred on table agent_configuration check
2019-02-08 17:15:51 ERROR EimDbCreator:113 - Error has occurred on table agent_configuration creation
2019-02-08 17:17:09 INFO  Properties:41 - Properties loaded from /WEB-INF/bootstrap.properties
2019-02-08 17:17:09 ERROR EimDbCreator:56 - Error creating EIM database: error parsing url : Incorrect port value : null
2019-02-08 17:17:09 ERROR EimDbCreator:167 - Error has occurred on table agent check
2019-02-08 17:17:09 ERROR EimDbCreator:113 - Error has occurred on table agent creation
2019-02-08 17:17:09 ERROR EimDbCreator:167 - Error has occurred on table agent_configuration check
2019-02-08 17:17:09 ERROR EimDbCreator:113 - Error has occurred on table agent_configuration creation
2019-02-08 17:52:20 INFO  Properties:41 - Properties loaded from /WEB-INF/bootstrap.properties
2019-02-08 17:52:20 ERROR EimDbCreator:56 - Error creating EIM database: error parsing url : Incorrect port value : null
2019-02-08 17:52:20 ERROR EimDbCreator:167 - Error has occurred on table agent check
2019-02-08 17:52:20 ERROR EimDbCreator:113 - Error has occurred on table agent creation
2019-02-08 17:52:20 ERROR EimDbCreator:167 - Error has occurred on table agent_configuration check
2019-02-08 17:52:20 ERROR EimDbCreator:113 - Error has occurred on table agent_configuration creation
2019-02-08 17:57:19 INFO  Properties:41 - Properties loaded from /WEB-INF/bootstrap.properties
2019-02-08 17:57:19 ERROR EimDbCreator:56 - Error creating EIM database: error parsing url : Incorrect port value : null
2019-02-08 17:57:19 ERROR EimDbCreator:167 - Error has occurred on table agent check
2019-02-08 17:57:19 ERROR EimDbCreator:113 - Error has occurred on table agent creation
2019-02-08 17:57:19 ERROR EimDbCreator:167 - Error has occurred on table agent_configuration check
2019-02-08 17:57:19 ERROR EimDbCreator:113 - Error has occurred on table agent_configuration creation
2019-03-01 12:32:06 INFO  Properties:41 - Properties loaded from /WEB-INF/bootstrap.properties
2019-03-01 12:32:06 ERROR EimDbCreator:59 - Error creating EIM database: error parsing url : Incorrect port value : null
2019-03-01 12:32:06 ERROR EimDbCreator:192 - Error has occurred on table agent check
2019-03-01 12:32:06 ERROR EimDbCreator:134 - Error has occurred on table agent creation
2019-03-01 12:32:06 ERROR EimDbCreator:192 - Error has occurred on table agent_configuration check
2019-03-01 12:32:06 ERROR EimDbCreator:134 - Error has occurred on table agent_configuration creation
2019-03-01 12:32:06 ERROR EimDbCreator:192 - Error has occurred on table agent_configuration_control check
2019-03-01 12:32:07 ERROR EimDbCreator:134 - Error has occurred on table agent_configuration_control creation
2019-03-01 12:53:50 INFO  Properties:41 - Properties loaded from /WEB-INF/bootstrap.properties
2019-03-01 12:53:51 ERROR EimDbCreator:59 - Error creating EIM database: error parsing url : Incorrect port value : null
2019-03-01 12:53:51 ERROR EimDbCreator:192 - Error has occurred on table agent check
2019-03-01 12:53:51 ERROR EimDbCreator:134 - Error has occurred on table agent creation
2019-03-01 12:53:51 ERROR EimDbCreator:192 - Error has occurred on table agent_configuration check
2019-03-01 12:53:51 ERROR EimDbCreator:134 - Error has occurred on table agent_configuration creation
2019-03-01 12:53:51 ERROR EimDbCreator:192 - Error has occurred on table agent_configuration_control check
2019-03-01 12:53:51 ERROR EimDbCreator:134 - Error has occurred on table agent_configuration_control creation
2019-03-01 12:54:42 INFO  Properties:41 - Properties loaded from /WEB-INF/bootstrap.properties
2019-03-01 12:54:42 ERROR EimDbCreator:59 - Error creating EIM database: error parsing url : Incorrect port value : null
2019-03-01 12:54:42 ERROR EimDbCreator:192 - Error has occurred on table agent check
2019-03-01 12:54:42 ERROR EimDbCreator:134 - Error has occurred on table agent creation
2019-03-01 12:54:42 ERROR EimDbCreator:192 - Error has occurred on table agent_configuration check
2019-03-01 12:54:42 ERROR EimDbCreator:134 - Error has occurred on table agent_configuration creation
2019-03-01 12:54:42 ERROR EimDbCreator:192 - Error has occurred on table agent_configuration_control check
2019-03-01 12:54:42 ERROR EimDbCreator:134 - Error has occurred on table agent_configuration_control creation
2019-03-01 12:55:28 INFO  Properties:41 - Properties loaded from /WEB-INF/bootstrap.properties
2019-03-01 12:55:28 ERROR EimDbCreator:59 - Error creating EIM database: error parsing url : Incorrect port value : null
2019-03-01 12:55:28 ERROR EimDbCreator:192 - Error has occurred on table agent check
2019-03-01 12:55:28 ERROR EimDbCreator:134 - Error has occurred on table agent creation
2019-03-01 12:55:28 ERROR EimDbCreator:192 - Error has occurred on table agent_configuration check
2019-03-01 12:55:28 ERROR EimDbCreator:134 - Error has occurred on table agent_configuration creation
2019-03-01 12:55:28 ERROR EimDbCreator:192 - Error has occurred on table agent_configuration_control check
2019-03-01 12:55:28 ERROR EimDbCreator:134 - Error has occurred on table agent_configuration_control creation
2019-03-01 12:56:18 INFO  Properties:41 - Properties loaded from /WEB-INF/bootstrap.properties
2019-03-01 12:56:18 ERROR EimDbCreator:59 - Error creating EIM database: error parsing url : Incorrect port value : null
2019-03-01 12:56:18 ERROR EimDbCreator:192 - Error has occurred on table agent check
2019-03-01 12:56:18 ERROR EimDbCreator:134 - Error has occurred on table agent creation
2019-03-01 12:56:18 ERROR EimDbCreator:192 - Error has occurred on table agent_configuration check
2019-03-01 12:56:18 ERROR EimDbCreator:134 - Error has occurred on table agent_configuration creation
2019-03-01 12:56:18 ERROR EimDbCreator:192 - Error has occurred on table agent_configuration_control check
2019-03-01 12:56:18 ERROR EimDbCreator:134 - Error has occurred on table agent_configuration_control creation
2019-03-01 12:57:30 INFO  Properties:41 - Properties loaded from /WEB-INF/bootstrap.properties
2019-03-01 12:57:30 ERROR EimDbCreator:59 - Error creating EIM database: error parsing url : Incorrect port value : null
2019-03-01 12:57:30 ERROR EimDbCreator:192 - Error has occurred on table agent check
2019-03-01 12:57:30 ERROR EimDbCreator:134 - Error has occurred on table agent creation
2019-03-01 12:57:30 ERROR EimDbCreator:192 - Error has occurred on table agent_configuration check
2019-03-01 12:57:30 ERROR EimDbCreator:134 - Error has occurred on table agent_configuration creation
2019-03-01 12:57:30 ERROR EimDbCreator:192 - Error has occurred on table agent_configuration_control check
2019-03-01 12:57:30 ERROR EimDbCreator:134 - Error has occurred on table agent_configuration_control creation
2019-03-07 10:02:03 INFO  Properties:41 - Properties loaded from /WEB-INF/bootstrap.properties
2019-03-07 10:02:03 ERROR EimDbCreator:59 - Error creating EIM database: error parsing url : Incorrect port value : null
2019-03-07 10:02:03 ERROR EimDbCreator:192 - Error has occurred on table agent check
2019-03-07 10:02:03 ERROR EimDbCreator:134 - Error has occurred on table agent creation
2019-03-07 10:02:03 ERROR EimDbCreator:192 - Error has occurred on table agent_configuration check
2019-03-07 10:02:03 ERROR EimDbCreator:134 - Error has occurred on table agent_configuration creation
2019-03-07 10:02:03 ERROR EimDbCreator:192 - Error has occurred on table agent_configuration_control check
2019-03-07 10:02:03 ERROR EimDbCreator:134 - Error has occurred on table agent_configuration_control creation
2019-03-07 10:05:16 INFO  Properties:41 - Properties loaded from /WEB-INF/bootstrap.properties
2019-03-07 10:05:16 ERROR EimDbCreator:59 - Error creating EIM database: error parsing url : Incorrect port value : null
2019-03-07 10:05:16 ERROR EimDbCreator:192 - Error has occurred on table agent check
2019-03-07 10:05:16 ERROR EimDbCreator:134 - Error has occurred on table agent creation
2019-03-07 10:05:16 ERROR EimDbCreator:192 - Error has occurred on table agent_configuration check
2019-03-07 10:05:16 ERROR EimDbCreator:134 - Error has occurred on table agent_configuration creation
2019-03-07 10:05:16 ERROR EimDbCreator:192 - Error has occurred on table agent_configuration_control check
2019-03-07 10:05:16 ERROR EimDbCreator:134 - Error has occurred on table agent_configuration_control creation
2019-03-12 10:46:19 INFO  Properties:41 - Properties loaded from /WEB-INF/bootstrap.properties
2019-03-12 10:46:20 ERROR EimDbCreator:59 - Error creating EIM database: error parsing url : Incorrect port value : null
2019-03-12 10:46:20 ERROR EimDbCreator:192 - Error has occurred on table agent check
2019-03-12 10:46:20 ERROR EimDbCreator:134 - Error has occurred on table agent creation
2019-03-12 10:46:20 ERROR EimDbCreator:192 - Error has occurred on table agent_configuration check
2019-03-12 10:46:20 ERROR EimDbCreator:134 - Error has occurred on table agent_configuration creation
2019-03-12 10:46:20 ERROR EimDbCreator:192 - Error has occurred on table agent_configuration_control check
2019-03-12 10:46:20 ERROR EimDbCreator:134 - Error has occurred on table agent_configuration_control creation
2019-03-12 10:47:45 INFO  Properties:41 - Properties loaded from /WEB-INF/bootstrap.properties
2019-03-12 10:47:45 ERROR EimDbCreator:59 - Error creating EIM database: error parsing url : Incorrect port value : null
2019-03-12 10:47:45 ERROR EimDbCreator:192 - Error has occurred on table agent check
2019-03-12 10:47:45 ERROR EimDbCreator:134 - Error has occurred on table agent creation
2019-03-12 10:47:45 ERROR EimDbCreator:192 - Error has occurred on table agent_configuration check
2019-03-12 10:47:45 ERROR EimDbCreator:134 - Error has occurred on table agent_configuration creation
2019-03-12 10:47:45 ERROR EimDbCreator:192 - Error has occurred on table agent_configuration_control check
2019-03-12 10:47:45 ERROR EimDbCreator:134 - Error has occurred on table agent_configuration_control creation
2019-03-12 10:50:28 INFO  Properties:41 - Properties loaded from /WEB-INF/bootstrap.properties
2019-03-12 10:50:28 ERROR EimDbCreator:59 - Error creating EIM database: error parsing url : Incorrect port value : null
2019-03-12 10:50:28 ERROR EimDbCreator:192 - Error has occurred on table agent check
2019-03-12 10:50:28 ERROR EimDbCreator:134 - Error has occurred on table agent creation
2019-03-12 10:50:28 ERROR EimDbCreator:192 - Error has occurred on table agent_configuration check
2019-03-12 10:50:28 ERROR EimDbCreator:134 - Error has occurred on table agent_configuration creation
2019-03-12 10:50:28 ERROR EimDbCreator:192 - Error has occurred on table agent_configuration_control check
2019-03-12 10:50:28 ERROR EimDbCreator:134 - Error has occurred on table agent_configuration_control creation
2019-03-12 10:54:08 INFO  Properties:41 - Properties loaded from /WEB-INF/bootstrap.properties
2019-03-12 10:54:08 ERROR EimDbCreator:59 - Error creating EIM database: error parsing url : Incorrect port value : null
2019-03-12 10:54:08 ERROR EimDbCreator:192 - Error has occurred on table agent check
2019-03-12 10:54:08 ERROR EimDbCreator:134 - Error has occurred on table agent creation
2019-03-12 10:54:08 ERROR EimDbCreator:192 - Error has occurred on table agent_configuration check
2019-03-12 10:54:08 ERROR EimDbCreator:134 - Error has occurred on table agent_configuration creation
2019-03-12 10:54:08 ERROR EimDbCreator:192 - Error has occurred on table agent_configuration_control check
2019-03-12 10:54:08 ERROR EimDbCreator:134 - Error has occurred on table agent_configuration_control creation
2019-03-13 11:18:00 INFO  Properties:41 - Properties loaded from /WEB-INF/bootstrap.properties
2019-03-13 11:18:00 ERROR EimDbCreator:59 - Error creating EIM database: error parsing url : Incorrect port value : null
2019-03-13 11:18:00 ERROR EimDbCreator:192 - Error has occurred on table agent check
2019-03-13 11:18:00 ERROR EimDbCreator:134 - Error has occurred on table agent creation
2019-03-13 11:18:00 ERROR EimDbCreator:192 - Error has occurred on table agent_configuration check
2019-03-13 11:18:00 ERROR EimDbCreator:134 - Error has occurred on table agent_configuration creation
2019-03-13 11:18:00 ERROR EimDbCreator:192 - Error has occurred on table agent_configuration_control check
2019-03-13 11:18:00 ERROR EimDbCreator:134 - Error has occurred on table agent_configuration_control creation
2019-03-13 11:18:38 INFO  Properties:41 - Properties loaded from /WEB-INF/bootstrap.properties
2019-03-13 11:18:38 ERROR EimDbCreator:59 - Error creating EIM database: error parsing url : Incorrect port value : null
2019-03-13 11:18:38 ERROR EimDbCreator:192 - Error has occurred on table agent check
2019-03-13 11:18:38 ERROR EimDbCreator:134 - Error has occurred on table agent creation
2019-03-13 11:18:38 ERROR EimDbCreator:192 - Error has occurred on table agent_configuration check
2019-03-13 11:18:38 ERROR EimDbCreator:134 - Error has occurred on table agent_configuration creation
2019-03-13 11:18:38 ERROR EimDbCreator:192 - Error has occurred on table agent_configuration_control check
2019-03-13 11:18:38 ERROR EimDbCreator:134 - Error has occurred on table agent_configuration_control creation
2019-03-13 12:01:05 INFO  Properties:41 - Properties loaded from /WEB-INF/bootstrap.properties
2019-03-13 12:01:23 ERROR EimDbCreator:59 - Error creating EIM database: Could not connect to address=(host=172.17.0.2)(port=3306)(type=master) : No route to host (Host unreachable)
2019-03-13 12:01:26 ERROR EimDbCreator:192 - Error has occurred on table agent check
2019-03-13 12:01:29 ERROR EimDbCreator:134 - Error has occurred on table agent creation
2019-03-13 12:01:32 ERROR EimDbCreator:192 - Error has occurred on table agent_configuration check
2019-03-13 12:01:35 ERROR EimDbCreator:134 - Error has occurred on table agent_configuration creation
2019-03-13 12:01:39 ERROR EimDbCreator:192 - Error has occurred on table agent_configuration_control check
2019-03-13 12:01:42 ERROR EimDbCreator:134 - Error has occurred on table agent_configuration_control creation
2019-03-13 12:38:49 INFO  Properties:41 - Properties loaded from /WEB-INF/bootstrap.properties
2019-03-13 12:38:49 ERROR EimDbCreator:59 - Error creating EIM database: error parsing url : Incorrect port value : null
2019-03-13 12:38:49 ERROR EimDbCreator:192 - Error has occurred on table agent check
2019-03-13 12:38:49 ERROR EimDbCreator:134 - Error has occurred on table agent creation
2019-03-13 12:38:49 ERROR EimDbCreator:192 - Error has occurred on table agent_configuration check
2019-03-13 12:38:49 ERROR EimDbCreator:134 - Error has occurred on table agent_configuration creation
2019-03-13 12:38:49 ERROR EimDbCreator:192 - Error has occurred on table agent_configuration_control check
2019-03-13 12:38:49 ERROR EimDbCreator:134 - Error has occurred on table agent_configuration_control creation
2019-03-15 14:31:44 INFO  Properties:41 - Properties loaded from /WEB-INF/bootstrap.properties
2019-03-15 14:31:44 ERROR EimDbCreator:59 - Error creating EIM database: error parsing url : Incorrect port value : null
2019-03-15 14:31:44 ERROR EimDbCreator:192 - Error has occurred on table agent check
2019-03-15 14:31:44 ERROR EimDbCreator:134 - Error has occurred on table agent creation
2019-03-15 14:31:44 ERROR EimDbCreator:192 - Error has occurred on table agent_configuration check
2019-03-15 14:31:44 ERROR EimDbCreator:134 - Error has occurred on table agent_configuration creation
2019-03-15 14:31:44 ERROR EimDbCreator:192 - Error has occurred on table agent_configuration_control check
2019-03-15 14:31:44 ERROR EimDbCreator:134 - Error has occurred on table agent_configuration_control creation
2019-03-20 09:40:34 INFO  Properties:41 - Properties loaded from /WEB-INF/bootstrap.properties
2019-03-20 09:40:35 ERROR EimDbCreator:63 - Error creating EIM database: error parsing url : Incorrect port value : null
2019-03-20 09:40:35 ERROR EimDbCreator:138 - Error has occurred on table agent creation
2019-03-20 09:40:35 ERROR EimDbCreator:138 - Error has occurred on table agent_configuration creation
2019-03-20 09:40:35 ERROR EimDbCreator:138 - Error has occurred on table agent_configuration_control creation
2019-03-20 09:40:35 ERROR EimDbCreator:196 - Error has occurred on table agent check
2019-03-20 09:40:35 ERROR EimDbCreator:138 - Error has occurred on table agent creation
2019-03-20 09:40:35 ERROR EimDbCreator:196 - Error has occurred on table agent_configuration check
2019-03-20 09:40:35 ERROR EimDbCreator:138 - Error has occurred on table agent_configuration creation
2019-03-20 09:40:35 ERROR EimDbCreator:196 - Error has occurred on table agent_configuration_control check
2019-03-20 09:40:35 ERROR EimDbCreator:138 - Error has occurred on table agent_configuration_control creation
2019-03-20 09:41:27 INFO  Properties:41 - Properties loaded from /WEB-INF/bootstrap.properties
2019-03-20 09:41:27 ERROR EimDbCreator:63 - Error creating EIM database: error parsing url : Incorrect port value : null
2019-03-20 09:41:27 ERROR EimDbCreator:138 - Error has occurred on table agent creation
2019-03-20 09:41:27 ERROR EimDbCreator:138 - Error has occurred on table agent_configuration creation
2019-03-20 09:41:27 ERROR EimDbCreator:138 - Error has occurred on table agent_configuration_control creation
2019-03-20 09:41:27 ERROR EimDbCreator:196 - Error has occurred on table agent check
2019-03-20 09:41:27 ERROR EimDbCreator:138 - Error has occurred on table agent creation
2019-03-20 09:41:27 ERROR EimDbCreator:196 - Error has occurred on table agent_configuration check
2019-03-20 09:41:27 ERROR EimDbCreator:138 - Error has occurred on table agent_configuration creation
2019-03-20 09:41:27 ERROR EimDbCreator:196 - Error has occurred on table agent_configuration_control check
2019-03-20 09:41:27 ERROR EimDbCreator:138 - Error has occurred on table agent_configuration_control creation
2019-03-20 10:38:55 INFO  Properties:41 - Properties loaded from /WEB-INF/bootstrap.properties
2019-03-20 10:38:55 ERROR EimDbCreator:63 - Error creating EIM database: error parsing url : Incorrect port value : null
2019-03-20 10:38:55 ERROR EimDbCreator:138 - Error has occurred on table agent creation
2019-03-20 10:38:55 ERROR EimDbCreator:138 - Error has occurred on table agent_configuration creation
2019-03-20 10:38:55 ERROR EimDbCreator:138 - Error has occurred on table agent_configuration_control creation
2019-03-20 10:38:55 ERROR EimDbCreator:196 - Error has occurred on table agent check
2019-03-20 10:38:55 ERROR EimDbCreator:138 - Error has occurred on table agent creation
2019-03-20 10:38:55 ERROR EimDbCreator:196 - Error has occurred on table agent_configuration check
2019-03-20 10:38:55 ERROR EimDbCreator:138 - Error has occurred on table agent_configuration creation
2019-03-20 10:38:55 ERROR EimDbCreator:196 - Error has occurred on table agent_configuration_control check
2019-03-20 10:38:55 ERROR EimDbCreator:138 - Error has occurred on table agent_configuration_control creation
2019-03-20 10:50:52 INFO  Properties:41 - Properties loaded from /WEB-INF/bootstrap.properties
2019-03-20 10:50:52 ERROR EimDbCreator:60 - Error creating EIM database: error parsing url : Incorrect port value : null
2019-03-20 10:50:52 ERROR EimDbCreator:193 - Error has occurred on table agent check
2019-03-20 10:50:52 ERROR EimDbCreator:135 - Error has occurred on table agent creation
2019-03-20 10:50:52 ERROR EimDbCreator:193 - Error has occurred on table agent_configuration check
2019-03-20 10:50:52 ERROR EimDbCreator:135 - Error has occurred on table agent_configuration creation
2019-03-20 10:50:52 ERROR EimDbCreator:193 - Error has occurred on table agent_configuration_control check
2019-03-20 10:50:52 ERROR EimDbCreator:135 - Error has occurred on table agent_configuration_control creation
2019-03-20 10:51:34 INFO  Properties:41 - Properties loaded from /WEB-INF/bootstrap.properties
2019-03-20 10:51:34 ERROR EimDbCreator:60 - Error creating EIM database: error parsing url : Incorrect port value : null
2019-03-20 10:51:34 ERROR EimDbCreator:193 - Error has occurred on table agent check
2019-03-20 10:51:34 ERROR EimDbCreator:135 - Error has occurred on table agent creation
2019-03-20 10:51:34 ERROR EimDbCreator:193 - Error has occurred on table agent_configuration check
2019-03-20 10:51:34 ERROR EimDbCreator:135 - Error has occurred on table agent_configuration creation
2019-03-20 10:51:34 ERROR EimDbCreator:193 - Error has occurred on table agent_configuration_control check
2019-03-20 10:51:34 ERROR EimDbCreator:135 - Error has occurred on table agent_configuration_control creation
2019-03-20 15:49:59 INFO  Properties:41 - Properties loaded from /WEB-INF/bootstrap.properties
2019-03-20 15:49:59 ERROR EimDbCreator:60 - Error creating EIM database: error parsing url : Incorrect port value : null
2019-03-20 15:49:59 ERROR EimDbCreator:193 - Error has occurred on table agent check
2019-03-20 15:49:59 ERROR EimDbCreator:135 - Error has occurred on table agent creation
2019-03-20 15:49:59 ERROR EimDbCreator:193 - Error has occurred on table agent_configuration check
2019-03-20 15:49:59 ERROR EimDbCreator:135 - Error has occurred on table agent_configuration creation
2019-03-20 15:49:59 ERROR EimDbCreator:193 - Error has occurred on table agent_configuration_control check
2019-03-20 15:49:59 ERROR EimDbCreator:135 - Error has occurred on table agent_configuration_control creation
2019-03-21 10:22:31 INFO  Properties:41 - Properties loaded from /WEB-INF/bootstrap.properties
2019-03-21 10:22:31 ERROR EimDbCreator:60 - Error creating EIM database: error parsing url : Incorrect port value : null
2019-03-21 10:22:31 ERROR EimDbCreator:193 - Error has occurred on table agent check
2019-03-21 10:22:31 ERROR EimDbCreator:135 - Error has occurred on table agent creation
2019-03-21 10:22:31 ERROR EimDbCreator:193 - Error has occurred on table agent_configuration check
2019-03-21 10:22:31 ERROR EimDbCreator:135 - Error has occurred on table agent_configuration creation
2019-03-21 10:22:31 ERROR EimDbCreator:193 - Error has occurred on table agent_configuration_control check
2019-03-21 10:22:31 ERROR EimDbCreator:135 - Error has occurred on table agent_configuration_control creation
2019-03-21 10:48:04 INFO  Properties:41 - Properties loaded from /WEB-INF/bootstrap.properties
2019-03-21 10:48:04 ERROR EimDbCreator:60 - Error creating EIM database: error parsing url : Incorrect port value : null
2019-03-21 10:48:04 ERROR EimDbCreator:193 - Error has occurred on table agent check
2019-03-21 10:48:04 ERROR EimDbCreator:135 - Error has occurred on table agent creation
2019-03-21 10:48:04 ERROR EimDbCreator:193 - Error has occurred on table agent_configuration check
2019-03-21 10:48:04 ERROR EimDbCreator:135 - Error has occurred on table agent_configuration creation
2019-03-21 10:48:04 ERROR EimDbCreator:193 - Error has occurred on table agent_configuration_control check
2019-03-21 10:48:04 ERROR EimDbCreator:135 - Error has occurred on table agent_configuration_control creation
2019-03-21 10:51:24 INFO  Properties:41 - Properties loaded from /WEB-INF/bootstrap.properties
2019-03-21 10:51:24 ERROR EimDbCreator:60 - Error creating EIM database: error parsing url : Incorrect port value : null
2019-03-21 10:51:24 ERROR EimDbCreator:193 - Error has occurred on table agent check
2019-03-21 10:51:24 ERROR EimDbCreator:135 - Error has occurred on table agent creation
2019-03-21 10:51:24 ERROR EimDbCreator:193 - Error has occurred on table agent_configuration check
2019-03-21 10:51:24 ERROR EimDbCreator:135 - Error has occurred on table agent_configuration creation
2019-03-21 10:51:24 ERROR EimDbCreator:193 - Error has occurred on table agent_configuration_control check
2019-03-21 10:51:24 ERROR EimDbCreator:135 - Error has occurred on table agent_configuration_control creation
2019-03-21 12:11:08 INFO  Properties:41 - Properties loaded from /WEB-INF/bootstrap.properties
2019-03-21 12:11:08 ERROR EimDbCreator:60 - Error creating EIM database: error parsing url : Incorrect port value : null
2019-03-21 12:11:08 ERROR EimDbCreator:193 - Error has occurred on table agent check
2019-03-21 12:11:08 ERROR EimDbCreator:135 - Error has occurred on table agent creation
2019-03-21 12:11:08 ERROR EimDbCreator:193 - Error has occurred on table agent_configuration check
2019-03-21 12:11:08 ERROR EimDbCreator:135 - Error has occurred on table agent_configuration creation
2019-03-21 12:11:08 ERROR EimDbCreator:193 - Error has occurred on table agent_configuration_control check
2019-03-21 12:11:08 ERROR EimDbCreator:135 - Error has occurred on table agent_configuration_control creation
2019-03-21 12:48:11 INFO  Properties:41 - Properties loaded from /WEB-INF/bootstrap.properties
2019-03-21 12:48:11 ERROR EimDbCreator:60 - Error creating EIM database: error parsing url : Incorrect port value : null
2019-03-21 12:48:11 ERROR EimDbCreator:197 - Error has occurred on table agent check
2019-03-21 12:48:11 ERROR EimDbCreator:135 - Error has occurred on table agent creation
2019-03-21 12:48:11 ERROR EimDbCreator:138 - error parsing url : Incorrect port value : null
2019-03-21 12:48:11 ERROR EimDbCreator:139 - null
2019-03-21 12:48:11 ERROR EimDbCreator:197 - Error has occurred on table agent_configuration check
2019-03-21 12:48:11 ERROR EimDbCreator:135 - Error has occurred on table agent_configuration creation
2019-03-21 12:48:11 ERROR EimDbCreator:138 - error parsing url : Incorrect port value : null
2019-03-21 12:48:11 ERROR EimDbCreator:139 - null
2019-03-21 12:48:11 ERROR EimDbCreator:197 - Error has occurred on table agent_configuration_control check
2019-03-21 12:48:11 ERROR EimDbCreator:135 - Error has occurred on table agent_configuration_control creation
2019-03-21 12:48:11 ERROR EimDbCreator:138 - error parsing url : Incorrect port value : null
2019-03-21 12:48:11 ERROR EimDbCreator:139 - null
2019-03-21 14:13:46 INFO  Properties:41 - Properties loaded from /WEB-INF/bootstrap.properties
2019-03-21 14:13:46 ERROR EimDbCreator:60 - Error creating EIM database: error parsing url : Incorrect port value : null
2019-03-21 14:13:46 ERROR EimDbCreator:197 - Error has occurred on table agent check
2019-03-21 14:13:46 ERROR EimDbCreator:135 - Error has occurred on table agent creation
2019-03-21 14:13:46 ERROR EimDbCreator:138 - error parsing url : Incorrect port value : null
2019-03-21 14:13:46 ERROR EimDbCreator:139 - null
2019-03-21 14:13:46 ERROR EimDbCreator:197 - Error has occurred on table agent_configuration check
2019-03-21 14:13:46 ERROR EimDbCreator:135 - Error has occurred on table agent_configuration creation
2019-03-21 14:13:46 ERROR EimDbCreator:138 - error parsing url : Incorrect port value : null
2019-03-21 14:13:46 ERROR EimDbCreator:139 - null
2019-03-21 14:13:46 ERROR EimDbCreator:197 - Error has occurred on table agent_configuration_control check
2019-03-21 14:13:46 ERROR EimDbCreator:135 - Error has occurred on table agent_configuration_control creation
2019-03-21 14:13:46 ERROR EimDbCreator:138 - error parsing url : Incorrect port value : null
2019-03-21 14:13:46 ERROR EimDbCreator:139 - null
2019-04-03 14:02:29 INFO  Properties:41 - Properties loaded from /WEB-INF/bootstrap.properties
2019-04-03 14:02:29 ERROR EimDbCreator:60 - Error creating EIM database: error parsing url : Incorrect port value : null
2019-04-03 14:02:29 ERROR EimDbCreator:197 - Error has occurred on table agent check
2019-04-03 14:02:29 ERROR EimDbCreator:135 - Error has occurred on table agent creation
2019-04-03 14:02:29 ERROR EimDbCreator:138 - error parsing url : Incorrect port value : null
2019-04-03 14:02:29 ERROR EimDbCreator:139 - null
2019-04-03 14:02:29 ERROR EimDbCreator:197 - Error has occurred on table agent_configuration check
2019-04-03 14:02:29 ERROR EimDbCreator:135 - Error has occurred on table agent_configuration creation
2019-04-03 14:02:29 ERROR EimDbCreator:138 - error parsing url : Incorrect port value : null
2019-04-03 14:02:29 ERROR EimDbCreator:139 - null
2019-04-03 14:02:29 ERROR EimDbCreator:197 - Error has occurred on table agent_configuration_control check
2019-04-03 14:02:29 ERROR EimDbCreator:135 - Error has occurred on table agent_configuration_control creation
2019-04-03 14:02:29 ERROR EimDbCreator:138 - error parsing url : Incorrect port value : null
2019-04-03 14:02:29 ERROR EimDbCreator:139 - null
2019-04-03 17:32:21 INFO  Properties:41 - Properties loaded from /WEB-INF/bootstrap.properties
2019-04-03 17:32:22 ERROR EimDbCreator:60 - Error creating EIM database: error parsing url : Incorrect port value : null
2019-04-03 17:32:22 ERROR EimDbCreator:197 - Error has occurred on table agent check
2019-04-03 17:32:22 ERROR EimDbCreator:135 - Error has occurred on table agent creation
2019-04-03 17:32:22 ERROR EimDbCreator:138 - error parsing url : Incorrect port value : null
2019-04-03 17:32:22 ERROR EimDbCreator:139 - null
2019-04-03 17:32:22 ERROR EimDbCreator:197 - Error has occurred on table agent_configuration check
2019-04-03 17:32:22 ERROR EimDbCreator:135 - Error has occurred on table agent_configuration creation
2019-04-03 17:32:22 ERROR EimDbCreator:138 - error parsing url : Incorrect port value : null
2019-04-03 17:32:22 ERROR EimDbCreator:139 - null
2019-04-03 17:32:22 ERROR EimDbCreator:197 - Error has occurred on table agent_configuration_control check
2019-04-03 17:32:22 ERROR EimDbCreator:135 - Error has occurred on table agent_configuration_control creation
2019-04-03 17:32:22 ERROR EimDbCreator:138 - error parsing url : Incorrect port value : null
2019-04-03 17:32:22 ERROR EimDbCreator:139 - null
2019-04-03 17:34:22 INFO  Properties:41 - Properties loaded from /WEB-INF/bootstrap.properties
2019-04-03 17:34:22 ERROR EimDbCreator:60 - Error creating EIM database: error parsing url : Incorrect port value : null
2019-04-03 17:34:22 ERROR EimDbCreator:197 - Error has occurred on table agent check
2019-04-03 17:34:22 ERROR EimDbCreator:135 - Error has occurred on table agent creation
2019-04-03 17:34:22 ERROR EimDbCreator:138 - error parsing url : Incorrect port value : null
2019-04-03 17:34:22 ERROR EimDbCreator:139 - null
2019-04-03 17:34:22 ERROR EimDbCreator:197 - Error has occurred on table agent_configuration check
2019-04-03 17:34:22 ERROR EimDbCreator:135 - Error has occurred on table agent_configuration creation
2019-04-03 17:34:22 ERROR EimDbCreator:138 - error parsing url : Incorrect port value : null
2019-04-03 17:34:22 ERROR EimDbCreator:139 - null
2019-04-03 17:34:22 ERROR EimDbCreator:197 - Error has occurred on table agent_configuration_control check
2019-04-03 17:34:22 ERROR EimDbCreator:135 - Error has occurred on table agent_configuration_control creation
2019-04-03 17:34:22 ERROR EimDbCreator:138 - error parsing url : Incorrect port value : null
2019-04-03 17:34:22 ERROR EimDbCreator:139 - null
2019-04-03 18:30:55 INFO  Properties:41 - Properties loaded from /WEB-INF/bootstrap.properties
2019-04-03 18:30:55 ERROR EimDbCreator:60 - Error creating EIM database: error parsing url : Incorrect port value : null
2019-04-03 18:30:55 ERROR EimDbCreator:197 - Error has occurred on table agent check
2019-04-03 18:30:55 ERROR EimDbCreator:135 - Error has occurred on table agent creation
2019-04-03 18:30:55 ERROR EimDbCreator:138 - error parsing url : Incorrect port value : null
2019-04-03 18:30:55 ERROR EimDbCreator:139 - null
2019-04-03 18:30:55 ERROR EimDbCreator:197 - Error has occurred on table agent_configuration check
2019-04-03 18:30:55 ERROR EimDbCreator:135 - Error has occurred on table agent_configuration creation
2019-04-03 18:30:55 ERROR EimDbCreator:138 - error parsing url : Incorrect port value : null
2019-04-03 18:30:55 ERROR EimDbCreator:139 - null
2019-04-03 18:30:55 ERROR EimDbCreator:197 - Error has occurred on table agent_configuration_control check
2019-04-03 18:30:55 ERROR EimDbCreator:135 - Error has occurred on table agent_configuration_control creation
2019-04-03 18:30:55 ERROR EimDbCreator:138 - error parsing url : Incorrect port value : null
2019-04-03 18:30:55 ERROR EimDbCreator:139 - null
2019-04-04 12:10:06 INFO  Properties:41 - Properties loaded from /WEB-INF/bootstrap.properties
2019-04-04 12:10:06 ERROR EimDbCreator:60 - Error creating EIM database: error parsing url : Incorrect port value : null
2019-04-04 12:10:06 ERROR EimDbCreator:197 - Error has occurred on table agent check
2019-04-04 12:10:06 ERROR EimDbCreator:135 - Error has occurred on table agent creation
2019-04-04 12:10:06 ERROR EimDbCreator:138 - error parsing url : Incorrect port value : null
2019-04-04 12:10:06 ERROR EimDbCreator:139 - null
2019-04-04 12:10:06 ERROR EimDbCreator:197 - Error has occurred on table agent_configuration check
2019-04-04 12:10:06 ERROR EimDbCreator:135 - Error has occurred on table agent_configuration creation
2019-04-04 12:10:06 ERROR EimDbCreator:138 - error parsing url : Incorrect port value : null
2019-04-04 12:10:06 ERROR EimDbCreator:139 - null
2019-04-04 12:10:06 ERROR EimDbCreator:197 - Error has occurred on table agent_configuration_control check
2019-04-04 12:10:06 ERROR EimDbCreator:135 - Error has occurred on table agent_configuration_control creation
2019-04-04 12:10:06 ERROR EimDbCreator:138 - error parsing url : Incorrect port value : null
2019-04-04 12:10:06 ERROR EimDbCreator:139 - null
2019-04-04 12:10:56 INFO  Properties:41 - Properties loaded from /WEB-INF/bootstrap.properties
2019-04-04 12:10:56 ERROR EimDbCreator:60 - Error creating EIM database: error parsing url : Incorrect port value : null
2019-04-04 12:10:56 ERROR EimDbCreator:197 - Error has occurred on table agent check
2019-04-04 12:10:56 ERROR EimDbCreator:135 - Error has occurred on table agent creation
2019-04-04 12:10:56 ERROR EimDbCreator:138 - error parsing url : Incorrect port value : null
2019-04-04 12:10:56 ERROR EimDbCreator:139 - null
2019-04-04 12:10:56 ERROR EimDbCreator:197 - Error has occurred on table agent_configuration check
2019-04-04 12:10:56 ERROR EimDbCreator:135 - Error has occurred on table agent_configuration creation
2019-04-04 12:10:56 ERROR EimDbCreator:138 - error parsing url : Incorrect port value : null
2019-04-04 12:10:56 ERROR EimDbCreator:139 - null
2019-04-04 12:10:56 ERROR EimDbCreator:197 - Error has occurred on table agent_configuration_control check
2019-04-04 12:10:56 ERROR EimDbCreator:135 - Error has occurred on table agent_configuration_control creation
2019-04-04 12:10:56 ERROR EimDbCreator:138 - error parsing url : Incorrect port value : null
2019-04-04 12:10:56 ERROR EimDbCreator:139 - null
2019-04-04 12:48:34 INFO  Properties:41 - Properties loaded from /WEB-INF/bootstrap.properties
2019-04-04 12:48:34 ERROR EimDbCreator:60 - Error creating EIM database: error parsing url : Incorrect port value : null
2019-04-04 12:48:34 ERROR EimDbCreator:197 - Error has occurred on table agent check
2019-04-04 12:48:34 ERROR EimDbCreator:135 - Error has occurred on table agent creation
2019-04-04 12:48:34 ERROR EimDbCreator:138 - error parsing url : Incorrect port value : null
2019-04-04 12:48:34 ERROR EimDbCreator:139 - null
2019-04-04 12:48:34 ERROR EimDbCreator:197 - Error has occurred on table agent_configuration check
2019-04-04 12:48:34 ERROR EimDbCreator:135 - Error has occurred on table agent_configuration creation
2019-04-04 12:48:34 ERROR EimDbCreator:138 - error parsing url : Incorrect port value : null
2019-04-04 12:48:34 ERROR EimDbCreator:139 - null
2019-04-04 12:48:34 ERROR EimDbCreator:197 - Error has occurred on table agent_configuration_control check
2019-04-04 12:48:34 ERROR EimDbCreator:135 - Error has occurred on table agent_configuration_control creation
2019-04-04 12:48:34 ERROR EimDbCreator:138 - error parsing url : Incorrect port value : null
2019-04-04 12:48:34 ERROR EimDbCreator:139 - null
2019-04-04 12:56:06 INFO  Properties:41 - Properties loaded from /WEB-INF/bootstrap.properties
2019-04-04 12:56:06 ERROR EimDbCreator:60 - Error creating EIM database: error parsing url : Incorrect port value : null
2019-04-04 12:56:06 ERROR EimDbCreator:197 - Error has occurred on table agent check
2019-04-04 12:56:06 ERROR EimDbCreator:135 - Error has occurred on table agent creation
2019-04-04 12:56:06 ERROR EimDbCreator:138 - error parsing url : Incorrect port value : null
2019-04-04 12:56:06 ERROR EimDbCreator:139 - null
2019-04-04 12:56:06 ERROR EimDbCreator:197 - Error has occurred on table agent_configuration check
2019-04-04 12:56:06 ERROR EimDbCreator:135 - Error has occurred on table agent_configuration creation
2019-04-04 12:56:06 ERROR EimDbCreator:138 - error parsing url : Incorrect port value : null
2019-04-04 12:56:06 ERROR EimDbCreator:139 - null
2019-04-04 12:56:06 ERROR EimDbCreator:197 - Error has occurred on table agent_configuration_control check
2019-04-04 12:56:06 ERROR EimDbCreator:135 - Error has occurred on table agent_configuration_control creation
2019-04-04 12:56:06 ERROR EimDbCreator:138 - error parsing url : Incorrect port value : null
2019-04-04 12:56:06 ERROR EimDbCreator:139 - null
2019-04-04 13:44:45 INFO  Properties:41 - Properties loaded from /WEB-INF/bootstrap.properties
2019-04-04 13:44:45 ERROR EimDbCreator:60 - Error creating EIM database: error parsing url : Incorrect port value : null
2019-04-04 13:44:45 ERROR EimDbCreator:197 - Error has occurred on table agent check
2019-04-04 13:44:45 ERROR EimDbCreator:135 - Error has occurred on table agent creation
2019-04-04 13:44:45 ERROR EimDbCreator:138 - error parsing url : Incorrect port value : null
2019-04-04 13:44:45 ERROR EimDbCreator:139 - null
2019-04-04 13:44:46 ERROR EimDbCreator:197 - Error has occurred on table agent_configuration check
2019-04-04 13:44:46 ERROR EimDbCreator:135 - Error has occurred on table agent_configuration creation
2019-04-04 13:44:46 ERROR EimDbCreator:138 - error parsing url : Incorrect port value : null
2019-04-04 13:44:46 ERROR EimDbCreator:139 - null
2019-04-04 13:44:46 ERROR EimDbCreator:197 - Error has occurred on table agent_configuration_control check
2019-04-04 13:44:46 ERROR EimDbCreator:135 - Error has occurred on table agent_configuration_control creation
2019-04-04 13:44:46 ERROR EimDbCreator:138 - error parsing url : Incorrect port value : null
2019-04-04 13:44:46 ERROR EimDbCreator:139 - null
2019-04-04 14:57:16 INFO  Properties:41 - Properties loaded from /WEB-INF/bootstrap.properties
2019-04-04 14:57:16 ERROR EimDbCreator:60 - Error creating EIM database: error parsing url : Incorrect port value : null
2019-04-04 14:57:16 ERROR EimDbCreator:197 - Error has occurred on table agent check
2019-04-04 14:57:16 ERROR EimDbCreator:135 - Error has occurred on table agent creation
2019-04-04 14:57:16 ERROR EimDbCreator:138 - error parsing url : Incorrect port value : null
2019-04-04 14:57:16 ERROR EimDbCreator:139 - null
2019-04-04 14:57:16 ERROR EimDbCreator:197 - Error has occurred on table agent_configuration check
2019-04-04 14:57:16 ERROR EimDbCreator:135 - Error has occurred on table agent_configuration creation
2019-04-04 14:57:16 ERROR EimDbCreator:138 - error parsing url : Incorrect port value : null
2019-04-04 14:57:16 ERROR EimDbCreator:139 - null
2019-04-04 14:57:16 ERROR EimDbCreator:197 - Error has occurred on table agent_configuration_control check
2019-04-04 14:57:16 ERROR EimDbCreator:135 - Error has occurred on table agent_configuration_control creation
2019-04-04 14:57:16 ERROR EimDbCreator:138 - error parsing url : Incorrect port value : null
2019-04-04 14:57:16 ERROR EimDbCreator:139 - null
2019-04-04 16:26:11 INFO  Properties:41 - Properties loaded from /WEB-INF/bootstrap.properties
2019-04-04 16:26:11 ERROR EimDbCreator:60 - Error creating EIM database: error parsing url : Incorrect port value : null
2019-04-04 16:26:11 ERROR EimDbCreator:197 - Error has occurred on table agent check
2019-04-04 16:26:11 ERROR EimDbCreator:135 - Error has occurred on table agent creation
2019-04-04 16:26:11 ERROR EimDbCreator:138 - error parsing url : Incorrect port value : null
2019-04-04 16:26:11 ERROR EimDbCreator:139 - null
2019-04-04 16:26:11 ERROR EimDbCreator:197 - Error has occurred on table agent_configuration check
2019-04-04 16:26:11 ERROR EimDbCreator:135 - Error has occurred on table agent_configuration creation
2019-04-04 16:26:11 ERROR EimDbCreator:138 - error parsing url : Incorrect port value : null
2019-04-04 16:26:11 ERROR EimDbCreator:139 - null
2019-04-04 16:26:11 ERROR EimDbCreator:197 - Error has occurred on table agent_configuration_control check
2019-04-04 16:26:11 ERROR EimDbCreator:135 - Error has occurred on table agent_configuration_control creation
2019-04-04 16:26:11 ERROR EimDbCreator:138 - error parsing url : Incorrect port value : null
2019-04-04 16:26:11 ERROR EimDbCreator:139 - null
2019-04-04 17:49:03 INFO  Properties:41 - Properties loaded from /WEB-INF/bootstrap.properties
2019-04-04 17:49:03 ERROR EimDbCreator:60 - Error creating EIM database: error parsing url : Incorrect port value : null
2019-04-04 17:49:03 ERROR EimDbCreator:197 - Error has occurred on table agent check
2019-04-04 17:49:03 ERROR EimDbCreator:135 - Error has occurred on table agent creation
2019-04-04 17:49:03 ERROR EimDbCreator:138 - error parsing url : Incorrect port value : null
2019-04-04 17:49:03 ERROR EimDbCreator:139 - null
2019-04-04 17:49:03 ERROR EimDbCreator:197 - Error has occurred on table agent_configuration check
2019-04-04 17:49:03 ERROR EimDbCreator:135 - Error has occurred on table agent_configuration creation
2019-04-04 17:49:03 ERROR EimDbCreator:138 - error parsing url : Incorrect port value : null
2019-04-04 17:49:03 ERROR EimDbCreator:139 - null
2019-04-04 17:49:03 ERROR EimDbCreator:197 - Error has occurred on table agent_configuration_control check
2019-04-04 17:49:03 ERROR EimDbCreator:135 - Error has occurred on table agent_configuration_control creation
2019-04-04 17:49:03 ERROR EimDbCreator:138 - error parsing url : Incorrect port value : null
2019-04-04 17:49:03 ERROR EimDbCreator:139 - null
2019-04-05 11:50:35 INFO  Properties:41 - Properties loaded from /WEB-INF/bootstrap.properties
2019-04-05 11:50:35 ERROR EimDbCreator:60 - Error creating EIM database: error parsing url : Incorrect port value : null
2019-04-05 11:50:35 ERROR EimDbCreator:197 - Error has occurred on table agent check
2019-04-05 11:50:35 ERROR EimDbCreator:135 - Error has occurred on table agent creation
2019-04-05 11:50:35 ERROR EimDbCreator:138 - error parsing url : Incorrect port value : null
2019-04-05 11:50:35 ERROR EimDbCreator:139 - null
2019-04-05 11:50:35 ERROR EimDbCreator:197 - Error has occurred on table agent_configuration check
2019-04-05 11:50:35 ERROR EimDbCreator:135 - Error has occurred on table agent_configuration creation
2019-04-05 11:50:35 ERROR EimDbCreator:138 - error parsing url : Incorrect port value : null
2019-04-05 11:50:35 ERROR EimDbCreator:139 - null
2019-04-05 11:50:35 ERROR EimDbCreator:197 - Error has occurred on table agent_configuration_control check
2019-04-05 11:50:35 ERROR EimDbCreator:135 - Error has occurred on table agent_configuration_control creation
2019-04-05 11:50:35 ERROR EimDbCreator:138 - error parsing url : Incorrect port value : null
2019-04-05 11:50:35 ERROR EimDbCreator:139 - null
2019-04-08 18:57:14 INFO  Properties:41 - Properties loaded from /WEB-INF/bootstrap.properties
2019-04-08 18:57:14 ERROR EimDbCreator:60 - Error creating EIM database: error parsing url : Incorrect port value : null
2019-04-08 18:57:14 ERROR EimDbCreator:197 - Error has occurred on table agent check
2019-04-08 18:57:14 ERROR EimDbCreator:135 - Error has occurred on table agent creation
2019-04-08 18:57:14 ERROR EimDbCreator:138 - error parsing url : Incorrect port value : null
2019-04-08 18:57:14 ERROR EimDbCreator:139 - null
2019-04-08 18:57:14 ERROR EimDbCreator:197 - Error has occurred on table agent_configuration check
2019-04-08 18:57:14 ERROR EimDbCreator:135 - Error has occurred on table agent_configuration creation
2019-04-08 18:57:14 ERROR EimDbCreator:138 - error parsing url : Incorrect port value : null
2019-04-08 18:57:14 ERROR EimDbCreator:139 - null
2019-04-08 18:57:14 ERROR EimDbCreator:197 - Error has occurred on table agent_configuration_control check
2019-04-08 18:57:14 ERROR EimDbCreator:135 - Error has occurred on table agent_configuration_control creation
2019-04-08 18:57:14 ERROR EimDbCreator:138 - error parsing url : Incorrect port value : null
2019-04-08 18:57:14 ERROR EimDbCreator:139 - null
2019-04-09 10:37:36 INFO  Properties:41 - Properties loaded from /WEB-INF/bootstrap.properties
2019-04-09 10:37:36 ERROR EimDbCreator:60 - Error creating EIM database: error parsing url : Incorrect port value : null
2019-04-09 10:37:36 ERROR EimDbCreator:197 - Error has occurred on table agent check
2019-04-09 10:37:36 ERROR EimDbCreator:135 - Error has occurred on table agent creation
2019-04-09 10:37:36 ERROR EimDbCreator:138 - error parsing url : Incorrect port value : null
2019-04-09 10:37:36 ERROR EimDbCreator:139 - null
2019-04-09 10:37:36 ERROR EimDbCreator:197 - Error has occurred on table agent_configuration check
2019-04-09 10:37:36 ERROR EimDbCreator:135 - Error has occurred on table agent_configuration creation
2019-04-09 10:37:36 ERROR EimDbCreator:138 - error parsing url : Incorrect port value : null
2019-04-09 10:37:36 ERROR EimDbCreator:139 - null
2019-04-09 10:37:36 ERROR EimDbCreator:197 - Error has occurred on table agent_configuration_control check
2019-04-09 10:37:36 ERROR EimDbCreator:135 - Error has occurred on table agent_configuration_control creation
2019-04-09 10:37:36 ERROR EimDbCreator:138 - error parsing url : Incorrect port value : null
2019-04-09 10:37:36 ERROR EimDbCreator:139 - null
2019-04-09 12:05:46 INFO  Properties:41 - Properties loaded from /WEB-INF/bootstrap.properties
2019-04-09 12:05:46 ERROR EimDbCreator:60 - Error creating EIM database: error parsing url : Incorrect port value : null
2019-04-09 12:05:46 ERROR EimDbCreator:197 - Error has occurred on table agent check
2019-04-09 12:05:46 ERROR EimDbCreator:135 - Error has occurred on table agent creation
2019-04-09 12:05:46 ERROR EimDbCreator:138 - error parsing url : Incorrect port value : null
2019-04-09 12:05:46 ERROR EimDbCreator:139 - null
2019-04-09 12:05:46 ERROR EimDbCreator:197 - Error has occurred on table agent_configuration check
2019-04-09 12:05:46 ERROR EimDbCreator:135 - Error has occurred on table agent_configuration creation
2019-04-09 12:05:46 ERROR EimDbCreator:138 - error parsing url : Incorrect port value : null
2019-04-09 12:05:46 ERROR EimDbCreator:139 - null
2019-04-09 12:05:46 ERROR EimDbCreator:197 - Error has occurred on table agent_configuration_control check
2019-04-09 12:05:46 ERROR EimDbCreator:135 - Error has occurred on table agent_configuration_control creation
2019-04-09 12:05:46 ERROR EimDbCreator:138 - error parsing url : Incorrect port value : null
2019-04-09 12:05:46 ERROR EimDbCreator:139 - null
2019-04-09 14:26:50 INFO  Properties:41 - Properties loaded from /WEB-INF/bootstrap.properties
2019-04-09 14:26:50 ERROR EimDbCreator:60 - Error creating EIM database: error parsing url : Incorrect port value : null
2019-04-09 14:26:50 ERROR EimDbCreator:197 - Error has occurred on table agent check
2019-04-09 14:26:50 ERROR EimDbCreator:135 - Error has occurred on table agent creation
2019-04-09 14:26:50 ERROR EimDbCreator:138 - error parsing url : Incorrect port value : null
2019-04-09 14:26:50 ERROR EimDbCreator:139 - null
2019-04-09 14:26:50 ERROR EimDbCreator:197 - Error has occurred on table agent_configuration check
2019-04-09 14:26:50 ERROR EimDbCreator:135 - Error has occurred on table agent_configuration creation
2019-04-09 14:26:50 ERROR EimDbCreator:138 - error parsing url : Incorrect port value : null
2019-04-09 14:26:50 ERROR EimDbCreator:139 - null
2019-04-09 14:26:50 ERROR EimDbCreator:197 - Error has occurred on table agent_configuration_control check
2019-04-09 14:26:50 ERROR EimDbCreator:135 - Error has occurred on table agent_configuration_control creation
2019-04-09 14:26:50 ERROR EimDbCreator:138 - error parsing url : Incorrect port value : null
2019-04-09 14:26:50 ERROR EimDbCreator:139 - null
2019-04-09 14:33:18 INFO  Properties:41 - Properties loaded from /WEB-INF/bootstrap.properties
2019-04-09 14:33:18 ERROR EimDbCreator:60 - Error creating EIM database: error parsing url : Incorrect port value : null
2019-04-09 14:33:18 ERROR EimDbCreator:197 - Error has occurred on table agent check
2019-04-09 14:33:18 ERROR EimDbCreator:135 - Error has occurred on table agent creation
2019-04-09 14:33:18 ERROR EimDbCreator:138 - error parsing url : Incorrect port value : null
2019-04-09 14:33:18 ERROR EimDbCreator:139 - null
2019-04-09 14:33:18 ERROR EimDbCreator:197 - Error has occurred on table agent_configuration check
2019-04-09 14:33:18 ERROR EimDbCreator:135 - Error has occurred on table agent_configuration creation
2019-04-09 14:33:18 ERROR EimDbCreator:138 - error parsing url : Incorrect port value : null
2019-04-09 14:33:18 ERROR EimDbCreator:139 - null
2019-04-09 14:33:18 ERROR EimDbCreator:197 - Error has occurred on table agent_configuration_control check
2019-04-09 14:33:18 ERROR EimDbCreator:135 - Error has occurred on table agent_configuration_control creation
2019-04-09 14:33:18 ERROR EimDbCreator:138 - error parsing url : Incorrect port value : null
2019-04-09 14:33:18 ERROR EimDbCreator:139 - null
2019-04-10 09:51:34 INFO  Properties:41 - Properties loaded from /WEB-INF/bootstrap.properties
2019-04-10 09:51:34 ERROR EimDbCreator:60 - Error creating EIM database: error parsing url : Incorrect port value : null
2019-04-10 09:51:34 ERROR EimDbCreator:197 - Error has occurred on table agent check
2019-04-10 09:51:34 ERROR EimDbCreator:135 - Error has occurred on table agent creation
2019-04-10 09:51:34 ERROR EimDbCreator:138 - error parsing url : Incorrect port value : null
2019-04-10 09:51:34 ERROR EimDbCreator:139 - null
2019-04-10 09:51:34 ERROR EimDbCreator:197 - Error has occurred on table agent_configuration check
2019-04-10 09:51:34 ERROR EimDbCreator:135 - Error has occurred on table agent_configuration creation
2019-04-10 09:51:34 ERROR EimDbCreator:138 - error parsing url : Incorrect port value : null
2019-04-10 09:51:34 ERROR EimDbCreator:139 - null
2019-04-10 09:51:34 ERROR EimDbCreator:197 - Error has occurred on table agent_configuration_control check
2019-04-10 09:51:34 ERROR EimDbCreator:135 - Error has occurred on table agent_configuration_control creation
2019-04-10 09:51:34 ERROR EimDbCreator:138 - error parsing url : Incorrect port value : null
2019-04-10 09:51:34 ERROR EimDbCreator:139 - null
2019-04-10 09:52:34 INFO  Properties:41 - Properties loaded from /WEB-INF/bootstrap.properties
2019-04-10 09:52:34 ERROR EimDbCreator:60 - Error creating EIM database: error parsing url : Incorrect port value : null
2019-04-10 09:52:34 ERROR EimDbCreator:197 - Error has occurred on table agent check
2019-04-10 09:52:34 ERROR EimDbCreator:135 - Error has occurred on table agent creation
2019-04-10 09:52:34 ERROR EimDbCreator:138 - error parsing url : Incorrect port value : null
2019-04-10 09:52:34 ERROR EimDbCreator:139 - null
2019-04-10 09:52:34 ERROR EimDbCreator:197 - Error has occurred on table agent_configuration check
2019-04-10 09:52:34 ERROR EimDbCreator:135 - Error has occurred on table agent_configuration creation
2019-04-10 09:52:34 ERROR EimDbCreator:138 - error parsing url : Incorrect port value : null
2019-04-10 09:52:34 ERROR EimDbCreator:139 - null
2019-04-10 09:52:34 ERROR EimDbCreator:197 - Error has occurred on table agent_configuration_control check
2019-04-10 09:52:34 ERROR EimDbCreator:135 - Error has occurred on table agent_configuration_control creation
2019-04-10 09:52:34 ERROR EimDbCreator:138 - error parsing url : Incorrect port value : null
2019-04-10 09:52:34 ERROR EimDbCreator:139 - null
2019-04-10 10:08:40 INFO  Properties:41 - Properties loaded from /WEB-INF/bootstrap.properties
2019-04-10 10:08:40 ERROR EimDbCreator:60 - Error creating EIM database: error parsing url : Incorrect port value : null
2019-04-10 10:08:40 ERROR EimDbCreator:197 - Error has occurred on table agent check
2019-04-10 10:08:40 ERROR EimDbCreator:135 - Error has occurred on table agent creation
2019-04-10 10:08:40 ERROR EimDbCreator:138 - error parsing url : Incorrect port value : null
2019-04-10 10:08:40 ERROR EimDbCreator:139 - null
2019-04-10 10:08:40 ERROR EimDbCreator:197 - Error has occurred on table agent_configuration check
2019-04-10 10:08:40 ERROR EimDbCreator:135 - Error has occurred on table agent_configuration creation
2019-04-10 10:08:40 ERROR EimDbCreator:138 - error parsing url : Incorrect port value : null
2019-04-10 10:08:40 ERROR EimDbCreator:139 - null
2019-04-10 10:08:40 ERROR EimDbCreator:197 - Error has occurred on table agent_configuration_control check
2019-04-10 10:08:40 ERROR EimDbCreator:135 - Error has occurred on table agent_configuration_control creation
2019-04-10 10:08:40 ERROR EimDbCreator:138 - error parsing url : Incorrect port value : null
2019-04-10 10:08:40 ERROR EimDbCreator:139 - null
2019-04-15 11:18:49 INFO  Properties:41 - Properties loaded from /WEB-INF/bootstrap.properties
2019-04-15 11:18:49 ERROR EimDbCreator:60 - Error creating EIM database: error parsing url : Incorrect port value : null
2019-04-15 11:18:49 ERROR EimDbCreator:197 - Error has occurred on table agent check
2019-04-15 11:18:49 ERROR EimDbCreator:135 - Error has occurred on table agent creation
2019-04-15 11:18:49 ERROR EimDbCreator:138 - error parsing url : Incorrect port value : null
2019-04-15 11:18:49 ERROR EimDbCreator:139 - null
2019-04-15 11:18:49 ERROR EimDbCreator:197 - Error has occurred on table agent_configuration check
2019-04-15 11:18:49 ERROR EimDbCreator:135 - Error has occurred on table agent_configuration creation
2019-04-15 11:18:49 ERROR EimDbCreator:138 - error parsing url : Incorrect port value : null
2019-04-15 11:18:49 ERROR EimDbCreator:139 - null
2019-04-15 11:18:49 ERROR EimDbCreator:197 - Error has occurred on table agent_configuration_control check
2019-04-15 11:18:49 ERROR EimDbCreator:135 - Error has occurred on table agent_configuration_control creation
2019-04-15 11:18:49 ERROR EimDbCreator:138 - error parsing url : Incorrect port value : null
2019-04-15 11:18:49 ERROR EimDbCreator:139 - null
2019-04-15 11:20:05 INFO  Properties:41 - Properties loaded from /WEB-INF/bootstrap.properties
2019-04-15 11:20:05 ERROR EimDbCreator:60 - Error creating EIM database: error parsing url : Incorrect port value : null
2019-04-15 11:20:05 ERROR EimDbCreator:197 - Error has occurred on table agent check
2019-04-15 11:20:05 ERROR EimDbCreator:135 - Error has occurred on table agent creation
2019-04-15 11:20:05 ERROR EimDbCreator:138 - error parsing url : Incorrect port value : null
2019-04-15 11:20:05 ERROR EimDbCreator:139 - null
2019-04-15 11:20:05 ERROR EimDbCreator:197 - Error has occurred on table agent_configuration check
2019-04-15 11:20:05 ERROR EimDbCreator:135 - Error has occurred on table agent_configuration creation
2019-04-15 11:20:05 ERROR EimDbCreator:138 - error parsing url : Incorrect port value : null
2019-04-15 11:20:05 ERROR EimDbCreator:139 - null
2019-04-15 11:20:05 ERROR EimDbCreator:197 - Error has occurred on table agent_configuration_control check
2019-04-15 11:20:05 ERROR EimDbCreator:135 - Error has occurred on table agent_configuration_control creation
2019-04-15 11:20:05 ERROR EimDbCreator:138 - error parsing url : Incorrect port value : null
2019-04-15 11:20:05 ERROR EimDbCreator:139 - null
2019-04-15 12:23:45 INFO  Properties:41 - Properties loaded from /WEB-INF/bootstrap.properties
2019-04-15 12:23:45 ERROR EimDbCreator:60 - Error creating EIM database: error parsing url : Incorrect port value : null
2019-04-15 12:23:45 ERROR EimDbCreator:197 - Error has occurred on table agent check
2019-04-15 12:23:45 ERROR EimDbCreator:135 - Error has occurred on table agent creation
2019-04-15 12:23:45 ERROR EimDbCreator:138 - error parsing url : Incorrect port value : null
2019-04-15 12:23:45 ERROR EimDbCreator:139 - null
2019-04-15 12:23:45 ERROR EimDbCreator:197 - Error has occurred on table agent_configuration check
2019-04-15 12:23:45 ERROR EimDbCreator:135 - Error has occurred on table agent_configuration creation
2019-04-15 12:23:45 ERROR EimDbCreator:138 - error parsing url : Incorrect port value : null
2019-04-15 12:23:45 ERROR EimDbCreator:139 - null
2019-04-15 12:23:45 ERROR EimDbCreator:197 - Error has occurred on table agent_configuration_control check
2019-04-15 12:23:45 ERROR EimDbCreator:135 - Error has occurred on table agent_configuration_control creation
2019-04-15 12:23:45 ERROR EimDbCreator:138 - error parsing url : Incorrect port value : null
2019-04-15 12:23:45 ERROR EimDbCreator:139 - null
2019-04-16 16:48:31 INFO  Properties:41 - Properties loaded from /WEB-INF/bootstrap.properties
2019-04-16 16:48:31 ERROR EimDbCreator:60 - Error creating EIM database: error parsing url : Incorrect port value : null
2019-04-16 16:48:31 ERROR EimDbCreator:197 - Error has occurred on table agent check
2019-04-16 16:48:31 ERROR EimDbCreator:135 - Error has occurred on table agent creation
2019-04-16 16:48:31 ERROR EimDbCreator:138 - error parsing url : Incorrect port value : null
2019-04-16 16:48:31 ERROR EimDbCreator:139 - null
2019-04-16 16:48:31 ERROR EimDbCreator:197 - Error has occurred on table agent_configuration check
2019-04-16 16:48:31 ERROR EimDbCreator:135 - Error has occurred on table agent_configuration creation
2019-04-16 16:48:31 ERROR EimDbCreator:138 - error parsing url : Incorrect port value : null
2019-04-16 16:48:31 ERROR EimDbCreator:139 - null
2019-04-16 16:48:31 ERROR EimDbCreator:197 - Error has occurred on table agent_configuration_control check
2019-04-16 16:48:31 ERROR EimDbCreator:135 - Error has occurred on table agent_configuration_control creation
2019-04-16 16:48:31 ERROR EimDbCreator:138 - error parsing url : Incorrect port value : null
2019-04-16 16:48:31 ERROR EimDbCreator:139 - null
2019-04-17 12:09:53 INFO  Properties:41 - Properties loaded from /WEB-INF/bootstrap.properties
2019-04-17 12:09:53 ERROR EimDbCreator:60 - Error creating EIM database: error parsing url : Incorrect port value : null
2019-04-17 12:09:53 ERROR EimDbCreator:197 - Error has occurred on table agent check
2019-04-17 12:09:53 ERROR EimDbCreator:135 - Error has occurred on table agent creation
2019-04-17 12:09:53 ERROR EimDbCreator:138 - error parsing url : Incorrect port value : null
2019-04-17 12:09:53 ERROR EimDbCreator:139 - null
2019-04-17 12:09:53 ERROR EimDbCreator:197 - Error has occurred on table agent_configuration check
2019-04-17 12:09:53 ERROR EimDbCreator:135 - Error has occurred on table agent_configuration creation
2019-04-17 12:09:53 ERROR EimDbCreator:138 - error parsing url : Incorrect port value : null
2019-04-17 12:09:53 ERROR EimDbCreator:139 - null
2019-04-17 12:09:53 ERROR EimDbCreator:197 - Error has occurred on table agent_configuration_control check
2019-04-17 12:09:53 ERROR EimDbCreator:135 - Error has occurred on table agent_configuration_control creation
2019-04-17 12:09:53 ERROR EimDbCreator:138 - error parsing url : Incorrect port value : null
2019-04-17 12:09:53 ERROR EimDbCreator:139 - null
2019-04-17 12:10:58 INFO  Properties:41 - Properties loaded from /WEB-INF/bootstrap.properties
2019-04-17 12:10:58 ERROR EimDbCreator:60 - Error creating EIM database: error parsing url : Incorrect port value : null
2019-04-17 12:10:58 ERROR EimDbCreator:197 - Error has occurred on table agent check
2019-04-17 12:10:58 ERROR EimDbCreator:135 - Error has occurred on table agent creation
2019-04-17 12:10:58 ERROR EimDbCreator:138 - error parsing url : Incorrect port value : null
2019-04-17 12:10:58 ERROR EimDbCreator:139 - null
2019-04-17 12:10:58 ERROR EimDbCreator:197 - Error has occurred on table agent_configuration check
2019-04-17 12:10:58 ERROR EimDbCreator:135 - Error has occurred on table agent_configuration creation
2019-04-17 12:10:58 ERROR EimDbCreator:138 - error parsing url : Incorrect port value : null
2019-04-17 12:10:58 ERROR EimDbCreator:139 - null
2019-04-17 12:10:58 ERROR EimDbCreator:197 - Error has occurred on table agent_configuration_control check
2019-04-17 12:10:58 ERROR EimDbCreator:135 - Error has occurred on table agent_configuration_control creation
2019-04-17 12:10:58 ERROR EimDbCreator:138 - error parsing url : Incorrect port value : null
2019-04-17 12:10:58 ERROR EimDbCreator:139 - null
2019-04-22 15:41:18 INFO  Properties:41 - Properties loaded from /WEB-INF/bootstrap.properties
2019-04-22 15:41:18 ERROR EimDbCreator:60 - Error creating EIM database: error parsing url : Incorrect port value : null
2019-04-22 15:41:18 ERROR EimDbCreator:197 - Error has occurred on table agent check
2019-04-22 15:41:18 ERROR EimDbCreator:135 - Error has occurred on table agent creation
2019-04-22 15:41:18 ERROR EimDbCreator:138 - error parsing url : Incorrect port value : null
2019-04-22 15:41:18 ERROR EimDbCreator:139 - null
2019-04-22 15:41:18 ERROR EimDbCreator:197 - Error has occurred on table agent_configuration check
2019-04-22 15:41:18 ERROR EimDbCreator:135 - Error has occurred on table agent_configuration creation
2019-04-22 15:41:18 ERROR EimDbCreator:138 - error parsing url : Incorrect port value : null
2019-04-22 15:41:18 ERROR EimDbCreator:139 - null
2019-04-22 15:41:18 ERROR EimDbCreator:197 - Error has occurred on table agent_configuration_control check
2019-04-22 15:41:18 ERROR EimDbCreator:135 - Error has occurred on table agent_configuration_control creation
2019-04-22 15:41:18 ERROR EimDbCreator:138 - error parsing url : Incorrect port value : null
2019-04-22 15:41:19 ERROR EimDbCreator:139 - null
2019-04-23 14:19:07 INFO  Properties:41 - Properties loaded from /WEB-INF/bootstrap.properties
2019-04-23 14:19:07 ERROR EimDbCreator:60 - Error creating EIM database: error parsing url : Incorrect port value : null
2019-04-23 14:19:07 ERROR EimDbCreator:197 - Error has occurred on table agent check
2019-04-23 14:19:07 ERROR EimDbCreator:135 - Error has occurred on table agent creation
2019-04-23 14:19:07 ERROR EimDbCreator:138 - error parsing url : Incorrect port value : null
2019-04-23 14:19:07 ERROR EimDbCreator:139 - null
2019-04-23 14:19:07 ERROR EimDbCreator:197 - Error has occurred on table agent_configuration check
2019-04-23 14:19:07 ERROR EimDbCreator:135 - Error has occurred on table agent_configuration creation
2019-04-23 14:19:07 ERROR EimDbCreator:138 - error parsing url : Incorrect port value : null
2019-04-23 14:19:07 ERROR EimDbCreator:139 - null
2019-04-23 14:19:07 ERROR EimDbCreator:197 - Error has occurred on table agent_configuration_control check
2019-04-23 14:19:07 ERROR EimDbCreator:135 - Error has occurred on table agent_configuration_control creation
2019-04-23 14:19:07 ERROR EimDbCreator:138 - error parsing url : Incorrect port value : null
2019-04-23 14:19:07 ERROR EimDbCreator:139 - null
2019-04-23 14:20:15 INFO  Properties:41 - Properties loaded from /WEB-INF/bootstrap.properties
2019-04-23 14:20:15 ERROR EimDbCreator:60 - Error creating EIM database: error parsing url : Incorrect port value : null
2019-04-23 14:20:15 ERROR EimDbCreator:197 - Error has occurred on table agent check
2019-04-23 14:20:15 ERROR EimDbCreator:135 - Error has occurred on table agent creation
2019-04-23 14:20:15 ERROR EimDbCreator:138 - error parsing url : Incorrect port value : null
2019-04-23 14:20:15 ERROR EimDbCreator:139 - null
2019-04-23 14:20:15 ERROR EimDbCreator:197 - Error has occurred on table agent_configuration check
2019-04-23 14:20:15 ERROR EimDbCreator:135 - Error has occurred on table agent_configuration creation
2019-04-23 14:20:15 ERROR EimDbCreator:138 - error parsing url : Incorrect port value : null
2019-04-23 14:20:15 ERROR EimDbCreator:139 - null
2019-04-23 14:20:15 ERROR EimDbCreator:197 - Error has occurred on table agent_configuration_control check
2019-04-23 14:20:15 ERROR EimDbCreator:135 - Error has occurred on table agent_configuration_control creation
2019-04-23 14:20:15 ERROR EimDbCreator:138 - error parsing url : Incorrect port value : null
2019-04-23 14:20:15 ERROR EimDbCreator:139 - null
2019-04-23 14:22:34 INFO  Properties:41 - Properties loaded from /WEB-INF/bootstrap.properties
2019-04-23 14:22:34 ERROR EimDbCreator:60 - Error creating EIM database: error parsing url : Incorrect port value : null
2019-04-23 14:22:34 ERROR EimDbCreator:197 - Error has occurred on table agent check
2019-04-23 14:22:34 ERROR EimDbCreator:135 - Error has occurred on table agent creation
2019-04-23 14:22:34 ERROR EimDbCreator:138 - error parsing url : Incorrect port value : null
2019-04-23 14:22:34 ERROR EimDbCreator:139 - null
2019-04-23 14:22:34 ERROR EimDbCreator:197 - Error has occurred on table agent_configuration check
2019-04-23 14:22:34 ERROR EimDbCreator:135 - Error has occurred on table agent_configuration creation
2019-04-23 14:22:34 ERROR EimDbCreator:138 - error parsing url : Incorrect port value : null
2019-04-23 14:22:34 ERROR EimDbCreator:139 - null
2019-04-23 14:22:34 ERROR EimDbCreator:197 - Error has occurred on table agent_configuration_control check
2019-04-23 14:22:34 ERROR EimDbCreator:135 - Error has occurred on table agent_configuration_control creation
2019-04-23 14:22:34 ERROR EimDbCreator:138 - error parsing url : Incorrect port value : null
2019-04-23 14:22:34 ERROR EimDbCreator:139 - null
2019-04-23 15:43:21 INFO  Properties:41 - Properties loaded from /WEB-INF/bootstrap.properties
2019-04-23 15:43:21 ERROR EimDbCreator:60 - Error creating EIM database: error parsing url : Incorrect port value : null
2019-04-23 15:43:21 ERROR EimDbCreator:197 - Error has occurred on table agent check
2019-04-23 15:43:21 ERROR EimDbCreator:135 - Error has occurred on table agent creation
2019-04-23 15:43:21 ERROR EimDbCreator:138 - error parsing url : Incorrect port value : null
2019-04-23 15:43:21 ERROR EimDbCreator:139 - null
2019-04-23 15:43:21 ERROR EimDbCreator:197 - Error has occurred on table agent_configuration check
2019-04-23 15:43:21 ERROR EimDbCreator:135 - Error has occurred on table agent_configuration creation
2019-04-23 15:43:21 ERROR EimDbCreator:138 - error parsing url : Incorrect port value : null
2019-04-23 15:43:21 ERROR EimDbCreator:139 - null
2019-04-23 15:43:21 ERROR EimDbCreator:197 - Error has occurred on table agent_configuration_control check
2019-04-23 15:43:21 ERROR EimDbCreator:135 - Error has occurred on table agent_configuration_control creation
2019-04-23 15:43:21 ERROR EimDbCreator:138 - error parsing url : Incorrect port value : null
2019-04-23 15:43:21 ERROR EimDbCreator:139 - null
2019-04-23 17:34:46 INFO  Properties:41 - Properties loaded from /WEB-INF/bootstrap.properties
2019-04-23 17:34:46 ERROR EimDbCreator:60 - Error creating EIM database: error parsing url : Incorrect port value : null
2019-04-23 17:34:46 ERROR EimDbCreator:199 - Error has occurred on table agent check
2019-04-23 17:34:46 ERROR EimDbCreator:137 - Error has occurred on table agent creation
2019-04-23 17:34:46 ERROR EimDbCreator:140 - error parsing url : Incorrect port value : null
2019-04-23 17:34:46 ERROR EimDbCreator:141 - null
2019-04-23 17:34:46 ERROR EimDbCreator:199 - Error has occurred on table agent_configuration check
2019-04-23 17:34:46 ERROR EimDbCreator:137 - Error has occurred on table agent_configuration creation
2019-04-23 17:34:46 ERROR EimDbCreator:140 - error parsing url : Incorrect port value : null
2019-04-23 17:34:46 ERROR EimDbCreator:141 - null
2019-04-23 17:34:46 ERROR EimDbCreator:199 - Error has occurred on table agent_configuration_control check
2019-04-23 17:34:46 ERROR EimDbCreator:137 - Error has occurred on table agent_configuration_control creation
2019-04-23 17:34:46 ERROR EimDbCreator:140 - error parsing url : Incorrect port value : null
2019-04-23 17:34:46 ERROR EimDbCreator:141 - null
2019-04-23 19:04:56 INFO  Properties:41 - Properties loaded from /WEB-INF/bootstrap.properties
2019-04-23 19:04:56 ERROR EimDbCreator:60 - Error creating EIM database: error parsing url : Incorrect port value : null
2019-04-23 19:04:56 ERROR EimDbCreator:199 - Error has occurred on table agent check
2019-04-23 19:04:56 ERROR EimDbCreator:137 - Error has occurred on table agent creation
2019-04-23 19:04:56 ERROR EimDbCreator:140 - error parsing url : Incorrect port value : null
2019-04-23 19:04:56 ERROR EimDbCreator:141 - null
2019-04-23 19:04:56 ERROR EimDbCreator:199 - Error has occurred on table agent_configuration check
2019-04-23 19:04:56 ERROR EimDbCreator:137 - Error has occurred on table agent_configuration creation
2019-04-23 19:04:56 ERROR EimDbCreator:140 - error parsing url : Incorrect port value : null
2019-04-23 19:04:56 ERROR EimDbCreator:141 - null
2019-04-23 19:04:56 ERROR EimDbCreator:199 - Error has occurred on table agent_configuration_control check
2019-04-23 19:04:56 ERROR EimDbCreator:137 - Error has occurred on table agent_configuration_control creation
2019-04-23 19:04:56 ERROR EimDbCreator:140 - error parsing url : Incorrect port value : null
2019-04-23 19:04:56 ERROR EimDbCreator:141 - null
2019-04-23 20:31:13 INFO  Properties:41 - Properties loaded from /WEB-INF/bootstrap.properties
2019-04-23 20:31:13 ERROR EimDbCreator:60 - Error creating EIM database: error parsing url : Incorrect port value : null
2019-04-23 20:31:13 ERROR EimDbCreator:199 - Error has occurred on table agent check
2019-04-23 20:31:13 ERROR EimDbCreator:137 - Error has occurred on table agent creation
2019-04-23 20:31:13 ERROR EimDbCreator:140 - error parsing url : Incorrect port value : null
2019-04-23 20:31:13 ERROR EimDbCreator:141 - null
2019-04-23 20:31:13 ERROR EimDbCreator:199 - Error has occurred on table agent_configuration check
2019-04-23 20:31:13 ERROR EimDbCreator:137 - Error has occurred on table agent_configuration creation
2019-04-23 20:31:13 ERROR EimDbCreator:140 - error parsing url : Incorrect port value : null
2019-04-23 20:31:13 ERROR EimDbCreator:141 - null
2019-04-23 20:31:13 ERROR EimDbCreator:199 - Error has occurred on table agent_configuration_control check
2019-04-23 20:31:13 ERROR EimDbCreator:137 - Error has occurred on table agent_configuration_control creation
2019-04-23 20:31:13 ERROR EimDbCreator:140 - error parsing url : Incorrect port value : null
2019-04-23 20:31:13 ERROR EimDbCreator:141 - null
2019-04-24 10:36:43 INFO  Properties:41 - Properties loaded from /WEB-INF/bootstrap.properties
2019-04-24 10:36:43 ERROR EimDbCreator:60 - Error creating EIM database: error parsing url : Incorrect port value : null
2019-04-24 10:36:43 ERROR EimDbCreator:199 - Error has occurred on table agent check
2019-04-24 10:36:43 ERROR EimDbCreator:137 - Error has occurred on table agent creation
2019-04-24 10:36:43 ERROR EimDbCreator:140 - error parsing url : Incorrect port value : null
2019-04-24 10:36:43 ERROR EimDbCreator:141 - null
2019-04-24 10:36:43 ERROR EimDbCreator:199 - Error has occurred on table agent_configuration check
2019-04-24 10:36:43 ERROR EimDbCreator:137 - Error has occurred on table agent_configuration creation
2019-04-24 10:36:43 ERROR EimDbCreator:140 - error parsing url : Incorrect port value : null
2019-04-24 10:36:43 ERROR EimDbCreator:141 - null
2019-04-24 10:36:43 ERROR EimDbCreator:199 - Error has occurred on table agent_configuration_control check
2019-04-24 10:36:43 ERROR EimDbCreator:137 - Error has occurred on table agent_configuration_control creation
2019-04-24 10:36:43 ERROR EimDbCreator:140 - error parsing url : Incorrect port value : null
2019-04-24 10:36:43 ERROR EimDbCreator:141 - null
2019-04-24 10:37:54 INFO  Properties:41 - Properties loaded from /WEB-INF/bootstrap.properties
2019-04-24 10:37:54 ERROR EimDbCreator:60 - Error creating EIM database: error parsing url : Incorrect port value : null
2019-04-24 10:37:54 ERROR EimDbCreator:199 - Error has occurred on table agent check
2019-04-24 10:37:54 ERROR EimDbCreator:137 - Error has occurred on table agent creation
2019-04-24 10:37:54 ERROR EimDbCreator:140 - error parsing url : Incorrect port value : null
2019-04-24 10:37:54 ERROR EimDbCreator:141 - null
2019-04-24 10:37:54 ERROR EimDbCreator:199 - Error has occurred on table agent_configuration check
2019-04-24 10:37:54 ERROR EimDbCreator:137 - Error has occurred on table agent_configuration creation
2019-04-24 10:37:54 ERROR EimDbCreator:140 - error parsing url : Incorrect port value : null
2019-04-24 10:37:54 ERROR EimDbCreator:141 - null
2019-04-24 10:37:54 ERROR EimDbCreator:199 - Error has occurred on table agent_configuration_control check
2019-04-24 10:37:54 ERROR EimDbCreator:137 - Error has occurred on table agent_configuration_control creation
2019-04-24 10:37:54 ERROR EimDbCreator:140 - error parsing url : Incorrect port value : null
2019-04-24 10:37:54 ERROR EimDbCreator:141 - null
2019-04-24 13:56:32 INFO  Properties:41 - Properties loaded from /WEB-INF/bootstrap.properties
2019-04-24 13:56:33 ERROR EimDbCreator:60 - Error creating EIM database: error parsing url : Incorrect port value : null
2019-04-24 13:56:33 ERROR EimDbCreator:199 - Error has occurred on table agent check
2019-04-24 13:56:33 ERROR EimDbCreator:137 - Error has occurred on table agent creation
2019-04-24 13:56:33 ERROR EimDbCreator:140 - error parsing url : Incorrect port value : null
2019-04-24 13:56:33 ERROR EimDbCreator:141 - null
2019-04-24 13:56:33 ERROR EimDbCreator:199 - Error has occurred on table agent_configuration check
2019-04-24 13:56:33 ERROR EimDbCreator:137 - Error has occurred on table agent_configuration creation
2019-04-24 13:56:33 ERROR EimDbCreator:140 - error parsing url : Incorrect port value : null
2019-04-24 13:56:33 ERROR EimDbCreator:141 - null
2019-04-24 13:56:33 ERROR EimDbCreator:199 - Error has occurred on table agent_configuration_control check
2019-04-24 13:56:33 ERROR EimDbCreator:137 - Error has occurred on table agent_configuration_control creation
2019-04-24 13:56:33 ERROR EimDbCreator:140 - error parsing url : Incorrect port value : null
2019-04-24 13:56:33 ERROR EimDbCreator:141 - null
2019-04-24 13:57:35 INFO  Properties:41 - Properties loaded from /WEB-INF/bootstrap.properties
2019-04-24 13:57:35 ERROR EimDbCreator:60 - Error creating EIM database: error parsing url : Incorrect port value : null
2019-04-24 13:57:35 ERROR EimDbCreator:199 - Error has occurred on table agent check
2019-04-24 13:57:35 ERROR EimDbCreator:137 - Error has occurred on table agent creation
2019-04-24 13:57:35 ERROR EimDbCreator:140 - error parsing url : Incorrect port value : null
2019-04-24 13:57:35 ERROR EimDbCreator:141 - null
2019-04-24 13:57:35 ERROR EimDbCreator:199 - Error has occurred on table agent_configuration check
2019-04-24 13:57:35 ERROR EimDbCreator:137 - Error has occurred on table agent_configuration creation
2019-04-24 13:57:35 ERROR EimDbCreator:140 - error parsing url : Incorrect port value : null
2019-04-24 13:57:35 ERROR EimDbCreator:141 - null
2019-04-24 13:57:35 ERROR EimDbCreator:199 - Error has occurred on table agent_configuration_control check
2019-04-24 13:57:35 ERROR EimDbCreator:137 - Error has occurred on table agent_configuration_control creation
2019-04-24 13:57:35 ERROR EimDbCreator:140 - error parsing url : Incorrect port value : null
2019-04-24 13:57:35 ERROR EimDbCreator:141 - null
2019-04-24 14:54:20 INFO  Properties:41 - Properties loaded from /WEB-INF/bootstrap.properties
2019-04-24 14:54:20 ERROR EimDbCreator:60 - Error creating EIM database: error parsing url : Incorrect port value : null
2019-04-24 14:54:20 ERROR EimDbCreator:199 - Error has occurred on table agent check
2019-04-24 14:54:20 ERROR EimDbCreator:137 - Error has occurred on table agent creation
2019-04-24 14:54:20 ERROR EimDbCreator:140 - error parsing url : Incorrect port value : null
2019-04-24 14:54:20 ERROR EimDbCreator:141 - null
2019-04-24 14:54:20 ERROR EimDbCreator:199 - Error has occurred on table agent_configuration check
2019-04-24 14:54:20 ERROR EimDbCreator:137 - Error has occurred on table agent_configuration creation
2019-04-24 14:54:20 ERROR EimDbCreator:140 - error parsing url : Incorrect port value : null
2019-04-24 14:54:20 ERROR EimDbCreator:141 - null
2019-04-24 14:54:20 ERROR EimDbCreator:199 - Error has occurred on table agent_configuration_control check
2019-04-24 14:54:20 ERROR EimDbCreator:137 - Error has occurred on table agent_configuration_control creation
2019-04-24 14:54:20 ERROR EimDbCreator:140 - error parsing url : Incorrect port value : null
2019-04-24 14:54:20 ERROR EimDbCreator:141 - null
2019-04-24 15:30:36 INFO  Properties:41 - Properties loaded from /WEB-INF/bootstrap.properties
2019-04-24 15:30:36 ERROR EimDbCreator:60 - Error creating EIM database: error parsing url : Incorrect port value : null
2019-04-24 15:30:36 ERROR EimDbCreator:199 - Error has occurred on table agent check
2019-04-24 15:30:36 ERROR EimDbCreator:137 - Error has occurred on table agent creation
2019-04-24 15:30:36 ERROR EimDbCreator:140 - error parsing url : Incorrect port value : null
2019-04-24 15:30:36 ERROR EimDbCreator:141 - null
2019-04-24 15:30:36 ERROR EimDbCreator:199 - Error has occurred on table agent_configuration check
2019-04-24 15:30:36 ERROR EimDbCreator:137 - Error has occurred on table agent_configuration creation
2019-04-24 15:30:36 ERROR EimDbCreator:140 - error parsing url : Incorrect port value : null
2019-04-24 15:30:36 ERROR EimDbCreator:141 - null
2019-04-24 15:30:36 ERROR EimDbCreator:199 - Error has occurred on table agent_configuration_control check
2019-04-24 15:30:36 ERROR EimDbCreator:137 - Error has occurred on table agent_configuration_control creation
2019-04-24 15:30:36 ERROR EimDbCreator:140 - error parsing url : Incorrect port value : null
2019-04-24 15:30:36 ERROR EimDbCreator:141 - null
2019-04-25 20:11:24 INFO  Properties:41 - Properties loaded from /WEB-INF/bootstrap.properties
2019-04-25 20:11:24 ERROR EimDbCreator:60 - Error creating EIM database: error parsing url : Incorrect port value : null
2019-04-25 20:11:24 ERROR EimDbCreator:199 - Error has occurred on table agent check
2019-04-25 20:11:24 ERROR EimDbCreator:137 - Error has occurred on table agent creation
2019-04-25 20:11:24 ERROR EimDbCreator:140 - error parsing url : Incorrect port value : null
2019-04-25 20:11:24 ERROR EimDbCreator:141 - null
2019-04-25 20:11:24 ERROR EimDbCreator:199 - Error has occurred on table agent_configuration check
2019-04-25 20:11:24 ERROR EimDbCreator:137 - Error has occurred on table agent_configuration creation
2019-04-25 20:11:24 ERROR EimDbCreator:140 - error parsing url : Incorrect port value : null
2019-04-25 20:11:24 ERROR EimDbCreator:141 - null
2019-04-25 20:11:24 ERROR EimDbCreator:199 - Error has occurred on table agent_configuration_control check
2019-04-25 20:11:24 ERROR EimDbCreator:137 - Error has occurred on table agent_configuration_control creation
2019-04-25 20:11:24 ERROR EimDbCreator:140 - error parsing url : Incorrect port value : null
2019-04-25 20:11:24 ERROR EimDbCreator:141 - null
2019-05-14 11:44:59 INFO  Properties:41 - Properties loaded from /WEB-INF/bootstrap.properties
2019-05-14 11:44:59 ERROR EimDbCreator:60 - Error creating EIM database: error parsing url : Incorrect port value : null
2019-05-14 11:44:59 ERROR EimDbCreator:199 - Error has occurred on table agent check
2019-05-14 11:44:59 ERROR EimDbCreator:137 - Error has occurred on table agent creation
2019-05-14 11:44:59 ERROR EimDbCreator:140 - error parsing url : Incorrect port value : null
2019-05-14 11:44:59 ERROR EimDbCreator:141 - null
2019-05-14 11:44:59 ERROR EimDbCreator:199 - Error has occurred on table agent_configuration check
2019-05-14 11:44:59 ERROR EimDbCreator:137 - Error has occurred on table agent_configuration creation
2019-05-14 11:44:59 ERROR EimDbCreator:140 - error parsing url : Incorrect port value : null
2019-05-14 11:44:59 ERROR EimDbCreator:141 - null
2019-05-14 11:44:59 ERROR EimDbCreator:199 - Error has occurred on table agent_configuration_control check
2019-05-14 11:44:59 ERROR EimDbCreator:137 - Error has occurred on table agent_configuration_control creation
2019-05-14 11:44:59 ERROR EimDbCreator:140 - error parsing url : Incorrect port value : null
2019-05-14 11:44:59 ERROR EimDbCreator:141 - null
2019-05-14 11:46:13 INFO  Properties:41 - Properties loaded from /WEB-INF/bootstrap.properties
2019-05-14 11:46:13 ERROR EimDbCreator:60 - Error creating EIM database: error parsing url : Incorrect port value : null
2019-05-14 11:46:13 ERROR EimDbCreator:199 - Error has occurred on table agent check
2019-05-14 11:46:13 ERROR EimDbCreator:137 - Error has occurred on table agent creation
2019-05-14 11:46:13 ERROR EimDbCreator:140 - error parsing url : Incorrect port value : null
2019-05-14 11:46:13 ERROR EimDbCreator:141 - null
2019-05-14 11:46:13 ERROR EimDbCreator:199 - Error has occurred on table agent_configuration check
2019-05-14 11:46:13 ERROR EimDbCreator:137 - Error has occurred on table agent_configuration creation
2019-05-14 11:46:13 ERROR EimDbCreator:140 - error parsing url : Incorrect port value : null
2019-05-14 11:46:13 ERROR EimDbCreator:141 - null
2019-05-14 11:46:13 ERROR EimDbCreator:199 - Error has occurred on table agent_configuration_control check
2019-05-14 11:46:13 ERROR EimDbCreator:137 - Error has occurred on table agent_configuration_control creation
2019-05-14 11:46:13 ERROR EimDbCreator:140 - error parsing url : Incorrect port value : null
2019-05-14 11:46:13 ERROR EimDbCreator:141 - null
2019-05-14 13:18:49 INFO  Properties:41 - Properties loaded from /WEB-INF/bootstrap.properties
2019-05-14 13:18:49 ERROR EimDbCreator:60 - Error creating EIM database: error parsing url : Incorrect port value : null
2019-05-14 13:18:49 ERROR EimDbCreator:199 - Error has occurred on table agent check
2019-05-14 13:18:49 ERROR EimDbCreator:137 - Error has occurred on table agent creation
2019-05-14 13:18:49 ERROR EimDbCreator:140 - error parsing url : Incorrect port value : null
2019-05-14 13:18:49 ERROR EimDbCreator:141 - null
2019-05-14 13:18:49 ERROR EimDbCreator:199 - Error has occurred on table agent_configuration check
2019-05-14 13:18:49 ERROR EimDbCreator:137 - Error has occurred on table agent_configuration creation
2019-05-14 13:18:49 ERROR EimDbCreator:140 - error parsing url : Incorrect port value : null
2019-05-14 13:18:49 ERROR EimDbCreator:141 - null
2019-05-14 13:18:49 ERROR EimDbCreator:199 - Error has occurred on table agent_configuration_control check
2019-05-14 13:18:49 ERROR EimDbCreator:137 - Error has occurred on table agent_configuration_control creation
2019-05-14 13:18:49 ERROR EimDbCreator:140 - error parsing url : Incorrect port value : null
2019-05-14 13:18:49 ERROR EimDbCreator:141 - null
2019-05-15 12:06:17 INFO  Properties:41 - Properties loaded from /WEB-INF/bootstrap.properties
2019-05-15 12:06:18 ERROR EimDbCreator:60 - Error creating EIM database: error parsing url : Incorrect port value : null
2019-05-15 12:06:18 ERROR EimDbCreator:199 - Error has occurred on table agent check
2019-05-15 12:06:18 ERROR EimDbCreator:137 - Error has occurred on table agent creation
2019-05-15 12:06:18 ERROR EimDbCreator:140 - error parsing url : Incorrect port value : null
2019-05-15 12:06:18 ERROR EimDbCreator:141 - null
2019-05-15 12:06:18 ERROR EimDbCreator:199 - Error has occurred on table agent_configuration check
2019-05-15 12:06:18 ERROR EimDbCreator:137 - Error has occurred on table agent_configuration creation
2019-05-15 12:06:18 ERROR EimDbCreator:140 - error parsing url : Incorrect port value : null
2019-05-15 12:06:18 ERROR EimDbCreator:141 - null
2019-05-15 12:06:18 ERROR EimDbCreator:199 - Error has occurred on table agent_configuration_control check
2019-05-15 12:06:18 ERROR EimDbCreator:137 - Error has occurred on table agent_configuration_control creation
2019-05-15 12:06:18 ERROR EimDbCreator:140 - error parsing url : Incorrect port value : null
2019-05-15 12:06:18 ERROR EimDbCreator:141 - null
2019-05-15 12:24:29 INFO  Properties:41 - Properties loaded from /WEB-INF/bootstrap.properties
2019-05-15 12:24:30 ERROR EimDbCreator:60 - Error creating EIM database: error parsing url : Incorrect port value : null
2019-05-15 12:24:30 ERROR EimDbCreator:199 - Error has occurred on table agent check
2019-05-15 12:24:30 ERROR EimDbCreator:137 - Error has occurred on table agent creation
2019-05-15 12:24:30 ERROR EimDbCreator:140 - error parsing url : Incorrect port value : null
2019-05-15 12:24:30 ERROR EimDbCreator:141 - null
2019-05-15 12:24:30 ERROR EimDbCreator:199 - Error has occurred on table agent_configuration check
2019-05-15 12:24:30 ERROR EimDbCreator:137 - Error has occurred on table agent_configuration creation
2019-05-15 12:24:30 ERROR EimDbCreator:140 - error parsing url : Incorrect port value : null
2019-05-15 12:24:30 ERROR EimDbCreator:141 - null
2019-05-15 12:24:30 ERROR EimDbCreator:199 - Error has occurred on table agent_configuration_control check
2019-05-15 12:24:30 ERROR EimDbCreator:137 - Error has occurred on table agent_configuration_control creation
2019-05-15 12:24:30 ERROR EimDbCreator:140 - error parsing url : Incorrect port value : null
2019-05-15 12:24:30 ERROR EimDbCreator:141 - null
2019-05-15 15:47:52 INFO  Properties:41 - Properties loaded from /WEB-INF/bootstrap.properties
2019-05-15 15:47:52 ERROR EimDbCreator:60 - Error creating EIM database: error parsing url : Incorrect port value : null
2019-05-15 15:47:52 ERROR EimDbCreator:199 - Error has occurred on table agent check
2019-05-15 15:47:52 ERROR EimDbCreator:137 - Error has occurred on table agent creation
2019-05-15 15:47:52 ERROR EimDbCreator:140 - error parsing url : Incorrect port value : null
2019-05-15 15:47:52 ERROR EimDbCreator:141 - null
2019-05-15 15:47:52 ERROR EimDbCreator:199 - Error has occurred on table agent_configuration check
2019-05-15 15:47:52 ERROR EimDbCreator:137 - Error has occurred on table agent_configuration creation
2019-05-15 15:47:52 ERROR EimDbCreator:140 - error parsing url : Incorrect port value : null
2019-05-15 15:47:52 ERROR EimDbCreator:141 - null
2019-05-15 15:47:52 ERROR EimDbCreator:199 - Error has occurred on table agent_configuration_control check
2019-05-15 15:47:52 ERROR EimDbCreator:137 - Error has occurred on table agent_configuration_control creation
2019-05-15 15:47:52 ERROR EimDbCreator:140 - error parsing url : Incorrect port value : null
2019-05-15 15:47:52 ERROR EimDbCreator:141 - null
2019-05-15 15:49:06 INFO  Properties:41 - Properties loaded from /WEB-INF/bootstrap.properties
2019-05-15 15:49:06 ERROR EimDbCreator:60 - Error creating EIM database: error parsing url : Incorrect port value : null
2019-05-15 15:49:06 ERROR EimDbCreator:199 - Error has occurred on table agent check
2019-05-15 15:49:06 ERROR EimDbCreator:137 - Error has occurred on table agent creation
2019-05-15 15:49:06 ERROR EimDbCreator:140 - error parsing url : Incorrect port value : null
2019-05-15 15:49:06 ERROR EimDbCreator:141 - null
2019-05-15 15:49:06 ERROR EimDbCreator:199 - Error has occurred on table agent_configuration check
2019-05-15 15:49:06 ERROR EimDbCreator:137 - Error has occurred on table agent_configuration creation
2019-05-15 15:49:06 ERROR EimDbCreator:140 - error parsing url : Incorrect port value : null
2019-05-15 15:49:06 ERROR EimDbCreator:141 - null
2019-05-15 15:49:06 ERROR EimDbCreator:199 - Error has occurred on table agent_configuration_control check
2019-05-15 15:49:06 ERROR EimDbCreator:137 - Error has occurred on table agent_configuration_control creation
2019-05-15 15:49:06 ERROR EimDbCreator:140 - error parsing url : Incorrect port value : null
2019-05-15 15:49:06 ERROR EimDbCreator:141 - null
2019-05-15 19:22:53 INFO  Properties:41 - Properties loaded from /WEB-INF/bootstrap.properties
2019-05-15 19:22:53 ERROR EimDbCreator:60 - Error creating EIM database: error parsing url : Incorrect port value : null
2019-05-15 19:22:53 ERROR EimDbCreator:199 - Error has occurred on table agent check
2019-05-15 19:22:53 ERROR EimDbCreator:137 - Error has occurred on table agent creation
2019-05-15 19:22:53 ERROR EimDbCreator:140 - error parsing url : Incorrect port value : null
2019-05-15 19:22:53 ERROR EimDbCreator:141 - null
2019-05-15 19:22:53 ERROR EimDbCreator:199 - Error has occurred on table agent_configuration check
2019-05-15 19:22:53 ERROR EimDbCreator:137 - Error has occurred on table agent_configuration creation
2019-05-15 19:22:53 ERROR EimDbCreator:140 - error parsing url : Incorrect port value : null
2019-05-15 19:22:53 ERROR EimDbCreator:141 - null
2019-05-15 19:22:53 ERROR EimDbCreator:199 - Error has occurred on table agent_configuration_control check
2019-05-15 19:22:53 ERROR EimDbCreator:137 - Error has occurred on table agent_configuration_control creation
2019-05-15 19:22:53 ERROR EimDbCreator:140 - error parsing url : Incorrect port value : null
2019-05-15 19:22:53 ERROR EimDbCreator:141 - null
2019-05-16 10:09:53 INFO  Properties:41 - Properties loaded from /WEB-INF/bootstrap.properties
2019-05-16 10:09:53 ERROR EimDbCreator:60 - Error creating EIM database: error parsing url : Incorrect port value : null
2019-05-16 10:09:53 ERROR EimDbCreator:199 - Error has occurred on table agent check
2019-05-16 10:09:53 ERROR EimDbCreator:137 - Error has occurred on table agent creation
2019-05-16 10:09:53 ERROR EimDbCreator:140 - error parsing url : Incorrect port value : null
2019-05-16 10:09:53 ERROR EimDbCreator:141 - null
2019-05-16 10:09:53 ERROR EimDbCreator:199 - Error has occurred on table agent_configuration check
2019-05-16 10:09:53 ERROR EimDbCreator:137 - Error has occurred on table agent_configuration creation
2019-05-16 10:09:53 ERROR EimDbCreator:140 - error parsing url : Incorrect port value : null
2019-05-16 10:09:53 ERROR EimDbCreator:141 - null
2019-05-16 10:09:53 ERROR EimDbCreator:199 - Error has occurred on table agent_configuration_control check
2019-05-16 10:09:53 ERROR EimDbCreator:137 - Error has occurred on table agent_configuration_control creation
2019-05-16 10:09:53 ERROR EimDbCreator:140 - error parsing url : Incorrect port value : null
2019-05-16 10:09:53 ERROR EimDbCreator:141 - null
2019-05-16 11:47:11 INFO  Properties:41 - Properties loaded from /WEB-INF/bootstrap.properties
2019-05-16 11:47:11 ERROR EimDbCreator:60 - Error creating EIM database: error parsing url : Incorrect port value : null
2019-05-16 11:47:11 ERROR EimDbCreator:199 - Error has occurred on table agent check
2019-05-16 11:47:11 ERROR EimDbCreator:137 - Error has occurred on table agent creation
2019-05-16 11:47:11 ERROR EimDbCreator:140 - error parsing url : Incorrect port value : null
2019-05-16 11:47:11 ERROR EimDbCreator:141 - null
2019-05-16 11:47:11 ERROR EimDbCreator:199 - Error has occurred on table agent_configuration check
2019-05-16 11:47:11 ERROR EimDbCreator:137 - Error has occurred on table agent_configuration creation
2019-05-16 11:47:11 ERROR EimDbCreator:140 - error parsing url : Incorrect port value : null
2019-05-16 11:47:11 ERROR EimDbCreator:141 - null
2019-05-16 11:47:11 ERROR EimDbCreator:199 - Error has occurred on table agent_configuration_control check
2019-05-16 11:47:11 ERROR EimDbCreator:137 - Error has occurred on table agent_configuration_control creation
2019-05-16 11:47:11 ERROR EimDbCreator:140 - error parsing url : Incorrect port value : null
2019-05-16 11:47:11 ERROR EimDbCreator:141 - null
2019-05-16 12:39:34 INFO  Properties:41 - Properties loaded from /WEB-INF/bootstrap.properties
2019-05-16 12:39:34 ERROR EimDbCreator:60 - Error creating EIM database: error parsing url : Incorrect port value : null
2019-05-16 12:39:34 ERROR EimDbCreator:199 - Error has occurred on table agent check
2019-05-16 12:39:34 ERROR EimDbCreator:137 - Error has occurred on table agent creation
2019-05-16 12:39:34 ERROR EimDbCreator:140 - error parsing url : Incorrect port value : null
2019-05-16 12:39:34 ERROR EimDbCreator:141 - null
2019-05-16 12:39:34 ERROR EimDbCreator:199 - Error has occurred on table agent_configuration check
2019-05-16 12:39:34 ERROR EimDbCreator:137 - Error has occurred on table agent_configuration creation
2019-05-16 12:39:34 ERROR EimDbCreator:140 - error parsing url : Incorrect port value : null
2019-05-16 12:39:34 ERROR EimDbCreator:141 - null
2019-05-16 12:39:34 ERROR EimDbCreator:199 - Error has occurred on table agent_configuration_control check
2019-05-16 12:39:34 ERROR EimDbCreator:137 - Error has occurred on table agent_configuration_control creation
2019-05-16 12:39:34 ERROR EimDbCreator:140 - error parsing url : Incorrect port value : null
2019-05-16 12:39:34 ERROR EimDbCreator:141 - null
2019-05-16 12:53:49 INFO  Properties:41 - Properties loaded from /WEB-INF/bootstrap.properties
2019-05-16 12:53:49 ERROR EimDbCreator:60 - Error creating EIM database: error parsing url : Incorrect port value : null
2019-05-16 12:53:49 ERROR EimDbCreator:199 - Error has occurred on table agent check
2019-05-16 12:53:49 ERROR EimDbCreator:137 - Error has occurred on table agent creation
2019-05-16 12:53:49 ERROR EimDbCreator:140 - error parsing url : Incorrect port value : null
2019-05-16 12:53:49 ERROR EimDbCreator:141 - null
2019-05-16 12:53:49 ERROR EimDbCreator:199 - Error has occurred on table agent_configuration check
2019-05-16 12:53:49 ERROR EimDbCreator:137 - Error has occurred on table agent_configuration creation
2019-05-16 12:53:49 ERROR EimDbCreator:140 - error parsing url : Incorrect port value : null
2019-05-16 12:53:49 ERROR EimDbCreator:141 - null
2019-05-16 12:53:49 ERROR EimDbCreator:199 - Error has occurred on table agent_configuration_control check
2019-05-16 12:53:49 ERROR EimDbCreator:137 - Error has occurred on table agent_configuration_control creation
2019-05-16 12:53:49 ERROR EimDbCreator:140 - error parsing url : Incorrect port value : null
2019-05-16 12:53:49 ERROR EimDbCreator:141 - null
2019-05-16 17:11:19 INFO  Properties:41 - Properties loaded from /WEB-INF/bootstrap.properties
2019-05-16 17:11:19 ERROR EimDbCreator:60 - Error creating EIM database: error parsing url : Incorrect port value : null
2019-05-16 17:11:19 ERROR EimDbCreator:199 - Error has occurred on table agent check
2019-05-16 17:11:19 ERROR EimDbCreator:137 - Error has occurred on table agent creation
2019-05-16 17:11:19 ERROR EimDbCreator:140 - error parsing url : Incorrect port value : null
2019-05-16 17:11:19 ERROR EimDbCreator:141 - null
2019-05-16 17:11:19 ERROR EimDbCreator:199 - Error has occurred on table agent_configuration check
2019-05-16 17:11:19 ERROR EimDbCreator:137 - Error has occurred on table agent_configuration creation
2019-05-16 17:11:19 ERROR EimDbCreator:140 - error parsing url : Incorrect port value : null
2019-05-16 17:11:19 ERROR EimDbCreator:141 - null
2019-05-16 17:11:19 ERROR EimDbCreator:199 - Error has occurred on table agent_configuration_control check
2019-05-16 17:11:19 ERROR EimDbCreator:137 - Error has occurred on table agent_configuration_control creation
2019-05-16 17:11:19 ERROR EimDbCreator:140 - error parsing url : Incorrect port value : null
2019-05-16 17:11:19 ERROR EimDbCreator:141 - null
2019-05-16 20:26:24 INFO  Properties:41 - Properties loaded from /WEB-INF/bootstrap.properties
2019-05-16 20:26:24 ERROR EimDbCreator:60 - Error creating EIM database: error parsing url : Incorrect port value : null
2019-05-16 20:26:24 ERROR EimDbCreator:199 - Error has occurred on table agent check
2019-05-16 20:26:24 ERROR EimDbCreator:137 - Error has occurred on table agent creation
2019-05-16 20:26:24 ERROR EimDbCreator:140 - error parsing url : Incorrect port value : null
2019-05-16 20:26:24 ERROR EimDbCreator:141 - null
2019-05-16 20:26:24 ERROR EimDbCreator:199 - Error has occurred on table agent_configuration check
2019-05-16 20:26:24 ERROR EimDbCreator:137 - Error has occurred on table agent_configuration creation
2019-05-16 20:26:24 ERROR EimDbCreator:140 - error parsing url : Incorrect port value : null
2019-05-16 20:26:24 ERROR EimDbCreator:141 - null
2019-05-16 20:26:24 ERROR EimDbCreator:199 - Error has occurred on table agent_configuration_control check
2019-05-16 20:26:24 ERROR EimDbCreator:137 - Error has occurred on table agent_configuration_control creation
2019-05-16 20:26:24 ERROR EimDbCreator:140 - error parsing url : Incorrect port value : null
2019-05-16 20:26:24 ERROR EimDbCreator:141 - null
2019-06-26 15:52:19 INFO  Properties:41 - Properties loaded from /WEB-INF/bootstrap.properties
2019-06-26 15:52:19 ERROR EimDbCreator:60 - Error creating EIM database: error parsing url : Incorrect port value : null
2019-06-26 15:52:19 ERROR EimDbCreator:199 - Error has occurred on table agent check
2019-06-26 15:52:19 ERROR EimDbCreator:137 - Error has occurred on table agent creation
2019-06-26 15:52:19 ERROR EimDbCreator:140 - error parsing url : Incorrect port value : null
2019-06-26 15:52:19 ERROR EimDbCreator:141 - null
2019-06-26 15:52:19 ERROR EimDbCreator:199 - Error has occurred on table agent_configuration check
2019-06-26 15:52:19 ERROR EimDbCreator:137 - Error has occurred on table agent_configuration creation
2019-06-26 15:52:19 ERROR EimDbCreator:140 - error parsing url : Incorrect port value : null
2019-06-26 15:52:19 ERROR EimDbCreator:141 - null
2019-06-26 15:52:19 ERROR EimDbCreator:199 - Error has occurred on table agent_configuration_control check
2019-06-26 15:52:19 ERROR EimDbCreator:137 - Error has occurred on table agent_configuration_control creation
2019-06-26 15:52:19 ERROR EimDbCreator:140 - error parsing url : Incorrect port value : null
2019-06-26 15:52:19 ERROR EimDbCreator:141 - null
